[1001/200926.637:ERROR:process_memory_win.cc(73)] ReadMemory at 0x7ff66aff0000 of 64 bytes failed: Only part of a ReadProcessMemory or WriteProcessMemory request was completed. (0x12B)
[1001/200926.753:WARNING:pe_image_reader.cc(340)] could not read dos header from C:\Program Files (x86)\Google\Chrome\Application\chrome.exe
[1001/200926.754:ERROR:process_memory_win.cc(73)] ReadMemory at 0x7ffe31770000 of 64 bytes failed: Only part of a ReadProcessMemory or WriteProcessMemory request was completed. (0x12B)
[1001/200926.754:WARNING:pe_image_reader.cc(340)] could not read dos header from C:\Windows\SYSTEM32\ntdll.dll
[1001/200926.754:ERROR:process_memory_win.cc(73)] ReadMemory at 0x7ffe2f070000 of 64 bytes failed: Only part of a ReadProcessMemory or WriteProcessMemory request was completed. (0x12B)
[1001/200926.757:WARNING:pe_image_reader.cc(340)] could not read dos header from C:\Windows\system32\KERNEL32.DLL
[1001/200926.757:ERROR:process_memory_win.cc(73)] ReadMemory at 0x7ffe2e870000 of 64 bytes failed: Only part of a ReadProcessMemory or WriteProcessMemory request was completed. (0x12B)
[1001/200926.757:WARNING:pe_image_reader.cc(340)] could not read dos header from C:\Windows\system32\KERNELBASE.dll
[1001/200926.757:ERROR:process_memory_win.cc(73)] ReadMemory at 0x7ffe1dd70000 of 64 bytes failed: Only part of a ReadProcessMemory or WriteProcessMemory request was completed. (0x12B)
[1001/200926.758:WARNING:pe_image_reader.cc(340)] could not read dos header from C:\Program Files (x86)\Google\Chrome\Application\77.0.3865.90\chrome_elf.dll
[1001/200926.758:ERROR:process_memory_win.cc(73)] ReadMemory at 0x7ffe27e20000 of 64 bytes failed: Only part of a ReadProcessMemory or WriteProcessMemory request was completed. (0x12B)
[1001/200926.758:WARNING:pe_image_reader.cc(340)] could not read dos header from C:\Windows\SYSTEM32\VERSION.dll
[1001/200926.759:ERROR:process_memory_win.cc(73)] ReadMemory at 0x7ffe312c0000 of 64 bytes failed: Only part of a ReadProcessMemory or WriteProcessMemory request was completed. (0x12B)
[1001/200926.759:WARNING:pe_image_reader.cc(340)] could not read dos header from C:\Windows\system32\msvcrt.dll
[1001/200926.759:ERROR:process_memory_win.cc(73)] ReadMemory at 0x7ffe30e00000 of 64 bytes failed: Only part of a ReadProcessMemory or WriteProcessMemory request was completed. (0x12B)
[1001/200926.759:WARNING:pe_image_reader.cc(340)] could not read dos header from C:\Windows\system32\ADVAPI32.dll
[1001/200926.760:ERROR:process_memory_win.cc(73)] ReadMemory at 0x7ffe30da0000 of 64 bytes failed: Only part of a ReadProcessMemory or WriteProcessMemory request was completed. (0x12B)
[1001/200926.760:WARNING:pe_image_reader.cc(340)] could not read dos header from C:\Windows\system32\sechost.dll
[1001/200926.760:ERROR:process_memory_win.cc(73)] ReadMemory at 0x7ffe2f5a0000 of 64 bytes failed: Only part of a ReadProcessMemory or WriteProcessMemory request was completed. (0x12B)
[1001/200926.760:WARNING:pe_image_reader.cc(340)] could not read dos header from C:\Windows\system32\RPCRT4.dll
[1001/200926.760:ERROR:process_memory_win.cc(73)] ReadMemory at 0x7ffe07fb0000 of 64 bytes failed: Only part of a ReadProcessMemory or WriteProcessMemory request was completed. (0x12B)
[1001/200926.760:WARNING:pe_image_reader.cc(340)] could not read dos header from C:\Program Files (x86)\Google\Chrome\Application\77.0.3865.90\chrome_child.dll
[1001/200926.760:ERROR:process_memory_win.cc(73)] ReadMemory at 0x7ffe30ce0000 of 64 bytes failed: Only part of a ReadProcessMemory or WriteProcessMemory request was completed. (0x12B)
[1001/200926.761:WARNING:pe_image_reader.cc(340)] could not read dos header from C:\Windows\system32\OLEAUT32.dll
[1001/200926.761:ERROR:process_memory_win.cc(73)] ReadMemory at 0x7ffe30eb0000 of 64 bytes failed: Only part of a ReadProcessMemory or WriteProcessMemory request was completed. (0x12B)
[1001/200926.761:WARNING:pe_image_reader.cc(340)] could not read dos header from C:\Windows\system32\combase.dll
[1001/200926.761:ERROR:process_memory_win.cc(73)] ReadMemory at 0x7ffe31130000 of 64 bytes failed: Only part of a ReadProcessMemory or WriteProcessMemory request was completed. (0x12B)
[1001/200926.761:WARNING:pe_image_reader.cc(340)] could not read dos header from C:\Windows\system32\WS2_32.dll
[1001/200926.762:ERROR:process_memory_win.cc(73)] ReadMemory at 0x7ffe31360000 of 64 bytes failed: Only part of a ReadProcessMemory or WriteProcessMemory request was completed. (0x12B)
[1001/200926.762:WARNING:pe_image_reader.cc(340)] could not read dos header from C:\Windows\system32\NSI.dll
[1001/200926.762:ERROR:process_memory_win.cc(73)] ReadMemory at 0x7ffe2ee40000 of 64 bytes failed: Only part of a ReadProcessMemory or WriteProcessMemory request was completed. (0x12B)
[1001/200926.762:WARNING:pe_image_reader.cc(340)] could not read dos header from C:\Windows\system32\GDI32.dll
[1001/200926.762:ERROR:process_memory_win.cc(73)] ReadMemory at 0x7ffe31620000 of 64 bytes failed: Only part of a ReadProcessMemory or WriteProcessMemory request was completed. (0x12B)
[1001/200926.762:WARNING:pe_image_reader.cc(340)] could not read dos header from C:\Windows\system32\USER32.dll
[1001/200926.762:ERROR:process_memory_win.cc(73)] ReadMemory at 0x7ffe2ea50000 of 64 bytes failed: Only part of a ReadProcessMemory or WriteProcessMemory request was completed. (0x12B)
[1001/200926.763:WARNING:pe_image_reader.cc(340)] could not read dos header from C:\Windows\system32\WINTRUST.dll
[1001/200926.763:ERROR:process_memory_win.cc(73)] ReadMemory at 0x7ffe2e1a0000 of 64 bytes failed: Only part of a ReadProcessMemory or WriteProcessMemory request was completed. (0x12B)
[1001/200926.763:WARNING:pe_image_reader.cc(340)] could not read dos header from C:\Windows\system32\MSASN1.dll
[1001/200926.764:ERROR:process_memory_win.cc(73)] ReadMemory at 0x7ffe2eb60000 of 64 bytes failed: Only part of a ReadProcessMemory or WriteProcessMemory request was completed. (0x12B)
[1001/200926.764:WARNING:pe_image_reader.cc(340)] could not read dos header from C:\Windows\system32\CRYPT32.dll
[1001/200926.764:ERROR:process_memory_win.cc(73)] ReadMemory at 0x7ffe2a830000 of 64 bytes failed: Only part of a ReadProcessMemory or WriteProcessMemory request was completed. (0x12B)
[1001/200926.764:WARNING:pe_image_reader.cc(340)] could not read dos header from C:\Windows\SYSTEM32\IPHLPAPI.DLL
[1001/200926.764:ERROR:process_memory_win.cc(73)] ReadMemory at 0x7ffe26370000 of 64 bytes failed: Only part of a ReadProcessMemory or WriteProcessMemory request was completed. (0x12B)
[1001/200926.764:WARNING:pe_image_reader.cc(340)] could not read dos header from C:\Windows\SYSTEM32\WINMM.dll
[1001/200926.764:ERROR:process_memory_win.cc(73)] ReadMemory at 0x7ffe2d840000 of 64 bytes failed: Only part of a ReadProcessMemory or WriteProcessMemory request was completed. (0x12B)
[1001/200926.765:WARNING:pe_image_reader.cc(340)] could not read dos header from C:\Windows\SYSTEM32\USERENV.dll
[1001/200926.765:ERROR:process_memory_win.cc(73)] ReadMemory at 0x7ffe2e1c0000 of 64 bytes failed: Only part of a ReadProcessMemory or WriteProcessMemory request was completed. (0x12B)
[1001/200926.765:WARNING:pe_image_reader.cc(340)] could not read dos header from C:\Windows\system32\profapi.dll
[1001/200926.765:ERROR:process_memory_win.cc(73)] ReadMemory at 0x7ffe24d80000 of 64 bytes failed: Only part of a ReadProcessMemory or WriteProcessMemory request was completed. (0x12B)
[1001/200926.765:WARNING:pe_image_reader.cc(340)] could not read dos header from C:\Windows\SYSTEM32\DWrite.dll
[1001/200926.766:ERROR:process_memory_win.cc(73)] ReadMemory at 0x7ffe1c560000 of 64 bytes failed: Only part of a ReadProcessMemory or WriteProcessMemory request was completed. (0x12B)
[1001/200926.766:WARNING:pe_image_reader.cc(340)] could not read dos header from C:\Windows\SYSTEM32\WINSPOOL.DRV
[1001/200926.766:ERROR:process_memory_win.cc(73)] ReadMemory at 0x7ffe23640000 of 64 bytes failed: Only part of a ReadProcessMemory or WriteProcessMemory request was completed. (0x12B)
[1001/200926.766:WARNING:pe_image_reader.cc(340)] could not read dos header from C:\Windows\SYSTEM32\dbghelp.dll
[1001/200926.767:ERROR:process_memory_win.cc(73)] ReadMemory at 0x7ffe29f40000 of 64 bytes failed: Only part of a ReadProcessMemory or WriteProcessMemory request was completed. (0x12B)
[1001/200926.767:WARNING:pe_image_reader.cc(340)] could not read dos header from C:\Windows\SYSTEM32\WINHTTP.dll
[1001/200926.767:ERROR:process_memory_win.cc(73)] ReadMemory at 0x7ffe28380000 of 64 bytes failed: Only part of a ReadProcessMemory or WriteProcessMemory request was completed. (0x12B)
[1001/200926.767:WARNING:pe_image_reader.cc(340)] could not read dos header from C:\Windows\SYSTEM32\Secur32.dll
[1001/200926.767:ERROR:process_memory_win.cc(73)] ReadMemory at 0x7ffe2a190000 of 64 bytes failed: Only part of a ReadProcessMemory or WriteProcessMemory request was completed. (0x12B)
[1001/200926.768:WARNING:pe_image_reader.cc(340)] could not read dos header from C:\Windows\SYSTEM32\dhcpcsvc.DLL
[1001/200926.768:ERROR:process_memory_win.cc(73)] ReadMemory at 0x7ffe2a8f0000 of 64 bytes failed: Only part of a ReadProcessMemory or WriteProcessMemory request was completed. (0x12B)
[1001/200926.768:WARNING:pe_image_reader.cc(340)] could not read dos header from C:\Windows\SYSTEM32\WINNSI.DLL
[1001/200926.768:ERROR:process_memory_win.cc(73)] ReadMemory at 0x7ffe26340000 of 64 bytes failed: Only part of a ReadProcessMemory or WriteProcessMemory request was completed. (0x12B)
[1001/200926.768:WARNING:pe_image_reader.cc(340)] could not read dos header from C:\Windows\SYSTEM32\WINMMBASE.dll
[1001/200926.769:ERROR:process_memory_win.cc(73)] ReadMemory at 0x7ffe2ed30000 of 64 bytes failed: Only part of a ReadProcessMemory or WriteProcessMemory request was completed. (0x12B)
[1001/200926.769:WARNING:pe_image_reader.cc(340)] could not read dos header from C:\Windows\system32\cfgmgr32.dll
[1001/200926.769:ERROR:process_memory_win.cc(73)] ReadMemory at 0x7ffe2e0d0000 of 64 bytes failed: Only part of a ReadProcessMemory or WriteProcessMemory request was completed. (0x12B)
[1001/200926.769:WARNING:pe_image_reader.cc(340)] could not read dos header from C:\Windows\SYSTEM32\bcrypt.dll
[1001/200926.769:ERROR:process_memory_win.cc(73)] ReadMemory at 0x7ffe2cb10000 of 64 bytes failed: Only part of a ReadProcessMemory or WriteProcessMemory request was completed. (0x12B)
[1001/200926.770:WARNING:pe_image_reader.cc(340)] could not read dos header from C:\Windows\SYSTEM32\DEVOBJ.dll
[1001/200926.770:ERROR:process_memory_win.cc(73)] ReadMemory at 0x7ffe2ddc0000 of 64 bytes failed: Only part of a ReadProcessMemory or WriteProcessMemory request was completed. (0x12B)
[1001/200926.770:WARNING:pe_image_reader.cc(340)] could not read dos header from C:\Windows\SYSTEM32\SSPICLI.DLL
[1001/200926.770:ERROR:process_memory_win.cc(73)] ReadMemory at 0x7ffe2f030000 of 64 bytes failed: Only part of a ReadProcessMemory or WriteProcessMemory request was completed. (0x12B)
[1001/200926.770:WARNING:pe_image_reader.cc(340)] could not read dos header from C:\Windows\system32\IMM32.DLL
[1001/200926.771:ERROR:process_memory_win.cc(73)] ReadMemory at 0x7ffe2f440000 of 64 bytes failed: Only part of a ReadProcessMemory or WriteProcessMemory request was completed. (0x12B)
[1001/200926.771:WARNING:pe_image_reader.cc(340)] could not read dos header from C:\Windows\system32\MSCTF.dll
[1001/200926.771:ERROR:process_memory_win.cc(73)] ReadMemory at 0x7ffe2dfc0000 of 64 bytes failed: Only part of a ReadProcessMemory or WriteProcessMemory request was completed. (0x12B)
[1001/200926.771:WARNING:pe_image_reader.cc(340)] could not read dos header from C:\Windows\SYSTEM32\bcryptPrimitives.dll
[1001/200926.771:ERROR:process_memory_win.cc(73)] ReadMemory at 0x7ffe2db80000 of 64 bytes failed: Only part of a ReadProcessMemory or WriteProcessMemory request was completed. (0x12B)
[1001/200926.771:WARNING:pe_image_reader.cc(340)] could not read dos header from C:\Windows\SYSTEM32\CRYPTBASE.DLL
[1001/200926.772:ERROR:process_memory_win.cc(73)] ReadMemory at 0x7ff66aff0000 of 64 bytes failed: Only part of a ReadProcessMemory or WriteProcessMemory request was completed. (0x12B)
[1001/200926.772:WARNING:pe_image_reader.cc(340)] could not read dos header from C:\Program Files (x86)\Google\Chrome\Application\chrome.exe
[1001/200926.772:ERROR:process_memory_win.cc(73)] ReadMemory at 0x7ff66aff0000 of 64 bytes failed: Only part of a ReadProcessMemory or WriteProcessMemory request was completed. (0x12B)
[1001/200926.772:WARNING:pe_image_reader.cc(340)] could not read dos header from C:\Program Files (x86)\Google\Chrome\Application\chrome.exe
[1001/200926.773:ERROR:process_memory_win.cc(73)] ReadMemory at 0x7ffe31770000 of 64 bytes failed: Only part of a ReadProcessMemory or WriteProcessMemory request was completed. (0x12B)
[1001/200926.773:WARNING:pe_image_reader.cc(340)] could not read dos header from C:\Windows\SYSTEM32\ntdll.dll
[1001/200926.773:ERROR:process_memory_win.cc(73)] ReadMemory at 0x7ffe31770000 of 64 bytes failed: Only part of a ReadProcessMemory or WriteProcessMemory request was completed. (0x12B)
[1001/200926.773:WARNING:pe_image_reader.cc(340)] could not read dos header from C:\Windows\SYSTEM32\ntdll.dll
[1001/200926.773:ERROR:process_memory_win.cc(73)] ReadMemory at 0x7ffe2f070000 of 64 bytes failed: Only part of a ReadProcessMemory or WriteProcessMemory request was completed. (0x12B)
[1001/200926.774:WARNING:pe_image_reader.cc(340)] could not read dos header from C:\Windows\system32\KERNEL32.DLL
[1001/200926.774:ERROR:process_memory_win.cc(73)] ReadMemory at 0x7ffe2f070000 of 64 bytes failed: Only part of a ReadProcessMemory or WriteProcessMemory request was completed. (0x12B)
[1001/200926.774:WARNING:pe_image_reader.cc(340)] could not read dos header from C:\Windows\system32\KERNEL32.DLL
[1001/200926.774:ERROR:process_memory_win.cc(73)] ReadMemory at 0x7ffe2e870000 of 64 bytes failed: Only part of a ReadProcessMemory or WriteProcessMemory request was completed. (0x12B)
[1001/200926.775:WARNING:pe_image_reader.cc(340)] could not read dos header from C:\Windows\system32\KERNELBASE.dll
[1001/200926.775:ERROR:process_memory_win.cc(73)] ReadMemory at 0x7ffe2e870000 of 64 bytes failed: Only part of a ReadProcessMemory or WriteProcessMemory request was completed. (0x12B)
[1001/200926.775:WARNING:pe_image_reader.cc(340)] could not read dos header from C:\Windows\system32\KERNELBASE.dll
[1001/200926.776:ERROR:process_memory_win.cc(73)] ReadMemory at 0x7ffe1dd70000 of 64 bytes failed: Only part of a ReadProcessMemory or WriteProcessMemory request was completed. (0x12B)
[1001/200926.776:WARNING:pe_image_reader.cc(340)] could not read dos header from C:\Program Files (x86)\Google\Chrome\Application\77.0.3865.90\chrome_elf.dll
[1001/200926.777:ERROR:process_memory_win.cc(73)] ReadMemory at 0x7ffe1dd70000 of 64 bytes failed: Only part of a ReadProcessMemory or WriteProcessMemory request was completed. (0x12B)
[1001/200926.777:WARNING:pe_image_reader.cc(340)] could not read dos header from C:\Program Files (x86)\Google\Chrome\Application\77.0.3865.90\chrome_elf.dll
[1001/200926.777:ERROR:process_memory_win.cc(73)] ReadMemory at 0x7ffe27e20000 of 64 bytes failed: Only part of a ReadProcessMemory or WriteProcessMemory request was completed. (0x12B)
[1001/200926.777:WARNING:pe_image_reader.cc(340)] could not read dos header from C:\Windows\SYSTEM32\VERSION.dll
[1001/200926.777:ERROR:process_memory_win.cc(73)] ReadMemory at 0x7ffe27e20000 of 64 bytes failed: Only part of a ReadProcessMemory or WriteProcessMemory request was completed. (0x12B)
[1001/200926.777:WARNING:pe_image_reader.cc(340)] could not read dos header from C:\Windows\SYSTEM32\VERSION.dll
[1001/200926.778:ERROR:process_memory_win.cc(73)] ReadMemory at 0x7ffe312c0000 of 64 bytes failed: Only part of a ReadProcessMemory or WriteProcessMemory request was completed. (0x12B)
[1001/200926.778:WARNING:pe_image_reader.cc(340)] could not read dos header from C:\Windows\system32\msvcrt.dll
[1001/200926.778:ERROR:process_memory_win.cc(73)] ReadMemory at 0x7ffe312c0000 of 64 bytes failed: Only part of a ReadProcessMemory or WriteProcessMemory request was completed. (0x12B)
[1001/200926.778:WARNING:pe_image_reader.cc(340)] could not read dos header from C:\Windows\system32\msvcrt.dll
[1001/200926.778:ERROR:process_memory_win.cc(73)] ReadMemory at 0x7ffe30e00000 of 64 bytes failed: Only part of a ReadProcessMemory or WriteProcessMemory request was completed. (0x12B)
[1001/200926.778:WARNING:pe_image_reader.cc(340)] could not read dos header from C:\Windows\system32\ADVAPI32.dll
[1001/200926.779:ERROR:process_memory_win.cc(73)] ReadMemory at 0x7ffe30e00000 of 64 bytes failed: Only part of a ReadProcessMemory or WriteProcessMemory request was completed. (0x12B)
[1001/200926.779:WARNING:pe_image_reader.cc(340)] could not read dos header from C:\Windows\system32\ADVAPI32.dll
[1001/200926.779:ERROR:process_memory_win.cc(73)] ReadMemory at 0x7ffe30da0000 of 64 bytes failed: Only part of a ReadProcessMemory or WriteProcessMemory request was completed. (0x12B)
[1001/200926.779:WARNING:pe_image_reader.cc(340)] could not read dos header from C:\Windows\system32\sechost.dll
[1001/200926.779:ERROR:process_memory_win.cc(73)] ReadMemory at 0x7ffe30da0000 of 64 bytes failed: Only part of a ReadProcessMemory or WriteProcessMemory request was completed. (0x12B)
[1001/200926.779:WARNING:pe_image_reader.cc(340)] could not read dos header from C:\Windows\system32\sechost.dll
[1001/200926.779:ERROR:process_memory_win.cc(73)] ReadMemory at 0x7ffe2f5a0000 of 64 bytes failed: Only part of a ReadProcessMemory or WriteProcessMemory request was completed. (0x12B)
[1001/200926.780:WARNING:pe_image_reader.cc(340)] could not read dos header from C:\Windows\system32\RPCRT4.dll
[1001/200926.780:ERROR:process_memory_win.cc(73)] ReadMemory at 0x7ffe2f5a0000 of 64 bytes failed: Only part of a ReadProcessMemory or WriteProcessMemory request was completed. (0x12B)
[1001/200926.780:WARNING:pe_image_reader.cc(340)] could not read dos header from C:\Windows\system32\RPCRT4.dll
[1001/200926.780:ERROR:process_memory_win.cc(73)] ReadMemory at 0x7ffe07fb0000 of 64 bytes failed: Only part of a ReadProcessMemory or WriteProcessMemory request was completed. (0x12B)
[1001/200926.780:WARNING:pe_image_reader.cc(340)] could not read dos header from C:\Program Files (x86)\Google\Chrome\Application\77.0.3865.90\chrome_child.dll
[1001/200926.780:ERROR:process_memory_win.cc(73)] ReadMemory at 0x7ffe07fb0000 of 64 bytes failed: Only part of a ReadProcessMemory or WriteProcessMemory request was completed. (0x12B)
[1001/200926.780:WARNING:pe_image_reader.cc(340)] could not read dos header from C:\Program Files (x86)\Google\Chrome\Application\77.0.3865.90\chrome_child.dll
[1001/200926.781:ERROR:process_memory_win.cc(73)] ReadMemory at 0x7ffe30ce0000 of 64 bytes failed: Only part of a ReadProcessMemory or WriteProcessMemory request was completed. (0x12B)
[1001/200926.781:WARNING:pe_image_reader.cc(340)] could not read dos header from C:\Windows\system32\OLEAUT32.dll
[1001/200926.781:ERROR:process_memory_win.cc(73)] ReadMemory at 0x7ffe30ce0000 of 64 bytes failed: Only part of a ReadProcessMemory or WriteProcessMemory request was completed. (0x12B)
[1001/200926.781:WARNING:pe_image_reader.cc(340)] could not read dos header from C:\Windows\system32\OLEAUT32.dll
[1001/200926.782:ERROR:process_memory_win.cc(73)] ReadMemory at 0x7ffe30eb0000 of 64 bytes failed: Only part of a ReadProcessMemory or WriteProcessMemory request was completed. (0x12B)
[1001/200926.782:WARNING:pe_image_reader.cc(340)] could not read dos header from C:\Windows\system32\combase.dll
[1001/200926.782:ERROR:process_memory_win.cc(73)] ReadMemory at 0x7ffe30eb0000 of 64 bytes failed: Only part of a ReadProcessMemory or WriteProcessMemory request was completed. (0x12B)
[1001/200926.782:WARNING:pe_image_reader.cc(340)] could not read dos header from C:\Windows\system32\combase.dll
[1001/200926.782:ERROR:process_memory_win.cc(73)] ReadMemory at 0x7ffe31130000 of 64 bytes failed: Only part of a ReadProcessMemory or WriteProcessMemory request was completed. (0x12B)
[1001/200926.782:WARNING:pe_image_reader.cc(340)] could not read dos header from C:\Windows\system32\WS2_32.dll
[1001/200926.782:ERROR:process_memory_win.cc(73)] ReadMemory at 0x7ffe31130000 of 64 bytes failed: Only part of a ReadProcessMemory or WriteProcessMemory request was completed. (0x12B)
[1001/200926.783:WARNING:pe_image_reader.cc(340)] could not read dos header from C:\Windows\system32\WS2_32.dll
[1001/200926.783:ERROR:process_memory_win.cc(73)] ReadMemory at 0x7ffe31360000 of 64 bytes failed: Only part of a ReadProcessMemory or WriteProcessMemory request was completed. (0x12B)
[1001/200926.783:WARNING:pe_image_reader.cc(340)] could not read dos header from C:\Windows\system32\NSI.dll
[1001/200926.783:ERROR:process_memory_win.cc(73)] ReadMemory at 0x7ffe31360000 of 64 bytes failed: Only part of a ReadProcessMemory or WriteProcessMemory request was completed. (0x12B)
[1001/200926.783:WARNING:pe_image_reader.cc(340)] could not read dos header from C:\Windows\system32\NSI.dll
[1001/200926.783:ERROR:process_memory_win.cc(73)] ReadMemory at 0x7ffe2ee40000 of 64 bytes failed: Only part of a ReadProcessMemory or WriteProcessMemory request was completed. (0x12B)
[1001/200926.783:WARNING:pe_image_reader.cc(340)] could not read dos header from C:\Windows\system32\GDI32.dll
[1001/200926.783:ERROR:process_memory_win.cc(73)] ReadMemory at 0x7ffe2ee40000 of 64 bytes failed: Only part of a ReadProcessMemory or WriteProcessMemory request was completed. (0x12B)
[1001/200926.783:WARNING:pe_image_reader.cc(340)] could not read dos header from C:\Windows\system32\GDI32.dll
[1001/200926.784:ERROR:process_memory_win.cc(73)] ReadMemory at 0x7ffe31620000 of 64 bytes failed: Only part of a ReadProcessMemory or WriteProcessMemory request was completed. (0x12B)
[1001/200926.784:WARNING:pe_image_reader.cc(340)] could not read dos header from C:\Windows\system32\USER32.dll
[1001/200926.784:ERROR:process_memory_win.cc(73)] ReadMemory at 0x7ffe31620000 of 64 bytes failed: Only part of a ReadProcessMemory or WriteProcessMemory request was completed. (0x12B)
[1001/200926.784:WARNING:pe_image_reader.cc(340)] could not read dos header from C:\Windows\system32\USER32.dll
[1001/200926.784:ERROR:process_memory_win.cc(73)] ReadMemory at 0x7ffe2ea50000 of 64 bytes failed: Only part of a ReadProcessMemory or WriteProcessMemory request was completed. (0x12B)
[1001/200926.784:WARNING:pe_image_reader.cc(340)] could not read dos header from C:\Windows\system32\WINTRUST.dll
[1001/200926.784:ERROR:process_memory_win.cc(73)] ReadMemory at 0x7ffe2ea50000 of 64 bytes failed: Only part of a ReadProcessMemory or WriteProcessMemory request was completed. (0x12B)
[1001/200926.785:WARNING:pe_image_reader.cc(340)] could not read dos header from C:\Windows\system32\WINTRUST.dll
[1001/200926.785:ERROR:process_memory_win.cc(73)] ReadMemory at 0x7ffe2e1a0000 of 64 bytes failed: Only part of a ReadProcessMemory or WriteProcessMemory request was completed. (0x12B)
[1001/200926.785:WARNING:pe_image_reader.cc(340)] could not read dos header from C:\Windows\system32\MSASN1.dll
[1001/200926.785:ERROR:process_memory_win.cc(73)] ReadMemory at 0x7ffe2e1a0000 of 64 bytes failed: Only part of a ReadProcessMemory or WriteProcessMemory request was completed. (0x12B)
[1001/200926.785:WARNING:pe_image_reader.cc(340)] could not read dos header from C:\Windows\system32\MSASN1.dll
[1001/200926.785:ERROR:process_memory_win.cc(73)] ReadMemory at 0x7ffe2eb60000 of 64 bytes failed: Only part of a ReadProcessMemory or WriteProcessMemory request was completed. (0x12B)
[1001/200926.785:WARNING:pe_image_reader.cc(340)] could not read dos header from C:\Windows\system32\CRYPT32.dll
[1001/200926.786:ERROR:process_memory_win.cc(73)] ReadMemory at 0x7ffe2eb60000 of 64 bytes failed: Only part of a ReadProcessMemory or WriteProcessMemory request was completed. (0x12B)
[1001/200926.786:WARNING:pe_image_reader.cc(340)] could not read dos header from C:\Windows\system32\CRYPT32.dll
[1001/200926.786:ERROR:process_memory_win.cc(73)] ReadMemory at 0x7ffe2a830000 of 64 bytes failed: Only part of a ReadProcessMemory or WriteProcessMemory request was completed. (0x12B)
[1001/200926.786:WARNING:pe_image_reader.cc(340)] could not read dos header from C:\Windows\SYSTEM32\IPHLPAPI.DLL
[1001/200926.786:ERROR:process_memory_win.cc(73)] ReadMemory at 0x7ffe2a830000 of 64 bytes failed: Only part of a ReadProcessMemory or WriteProcessMemory request was completed. (0x12B)
[1001/200926.786:WARNING:pe_image_reader.cc(340)] could not read dos header from C:\Windows\SYSTEM32\IPHLPAPI.DLL
[1001/200926.786:ERROR:process_memory_win.cc(73)] ReadMemory at 0x7ffe26370000 of 64 bytes failed: Only part of a ReadProcessMemory or WriteProcessMemory request was completed. (0x12B)
[1001/200926.786:WARNING:pe_image_reader.cc(340)] could not read dos header from C:\Windows\SYSTEM32\WINMM.dll
[1001/200926.787:ERROR:process_memory_win.cc(73)] ReadMemory at 0x7ffe26370000 of 64 bytes failed: Only part of a ReadProcessMemory or WriteProcessMemory request was completed. (0x12B)
[1001/200926.787:WARNING:pe_image_reader.cc(340)] could not read dos header from C:\Windows\SYSTEM32\WINMM.dll
[1001/200926.787:ERROR:process_memory_win.cc(73)] ReadMemory at 0x7ffe2d840000 of 64 bytes failed: Only part of a ReadProcessMemory or WriteProcessMemory request was completed. (0x12B)
[1001/200926.787:WARNING:pe_image_reader.cc(340)] could not read dos header from C:\Windows\SYSTEM32\USERENV.dll
[1001/200926.787:ERROR:process_memory_win.cc(73)] ReadMemory at 0x7ffe2d840000 of 64 bytes failed: Only part of a ReadProcessMemory or WriteProcessMemory request was completed. (0x12B)
[1001/200926.787:WARNING:pe_image_reader.cc(340)] could not read dos header from C:\Windows\SYSTEM32\USERENV.dll
[1001/200926.787:ERROR:process_memory_win.cc(73)] ReadMemory at 0x7ffe2e1c0000 of 64 bytes failed: Only part of a ReadProcessMemory or WriteProcessMemory request was completed. (0x12B)
[1001/200926.787:WARNING:pe_image_reader.cc(340)] could not read dos header from C:\Windows\system32\profapi.dll
[1001/200926.788:ERROR:process_memory_win.cc(73)] ReadMemory at 0x7ffe2e1c0000 of 64 bytes failed: Only part of a ReadProcessMemory or WriteProcessMemory request was completed. (0x12B)
[1001/200926.788:WARNING:pe_image_reader.cc(340)] could not read dos header from C:\Windows\system32\profapi.dll
[1001/200926.788:ERROR:process_memory_win.cc(73)] ReadMemory at 0x7ffe24d80000 of 64 bytes failed: Only part of a ReadProcessMemory or WriteProcessMemory request was completed. (0x12B)
[1001/200926.788:WARNING:pe_image_reader.cc(340)] could not read dos header from C:\Windows\SYSTEM32\DWrite.dll
[1001/200926.788:ERROR:process_memory_win.cc(73)] ReadMemory at 0x7ffe24d80000 of 64 bytes failed: Only part of a ReadProcessMemory or WriteProcessMemory request was completed. (0x12B)
[1001/200926.789:WARNING:pe_image_reader.cc(340)] could not read dos header from C:\Windows\SYSTEM32\DWrite.dll
[1001/200926.789:ERROR:process_memory_win.cc(73)] ReadMemory at 0x7ffe1c560000 of 64 bytes failed: Only part of a ReadProcessMemory or WriteProcessMemory request was completed. (0x12B)
[1001/200926.789:WARNING:pe_image_reader.cc(340)] could not read dos header from C:\Windows\SYSTEM32\WINSPOOL.DRV
[1001/200926.789:ERROR:process_memory_win.cc(73)] ReadMemory at 0x7ffe1c560000 of 64 bytes failed: Only part of a ReadProcessMemory or WriteProcessMemory request was completed. (0x12B)
[1001/200926.789:WARNING:pe_image_reader.cc(340)] could not read dos header from C:\Windows\SYSTEM32\WINSPOOL.DRV
[1001/200926.789:ERROR:process_memory_win.cc(73)] ReadMemory at 0x7ffe23640000 of 64 bytes failed: Only part of a ReadProcessMemory or WriteProcessMemory request was completed. (0x12B)
[1001/200926.790:WARNING:pe_image_reader.cc(340)] could not read dos header from C:\Windows\SYSTEM32\dbghelp.dll
[1001/200926.790:ERROR:process_memory_win.cc(73)] ReadMemory at 0x7ffe23640000 of 64 bytes failed: Only part of a ReadProcessMemory or WriteProcessMemory request was completed. (0x12B)
[1001/200926.790:WARNING:pe_image_reader.cc(340)] could not read dos header from C:\Windows\SYSTEM32\dbghelp.dll
[1001/200926.790:ERROR:process_memory_win.cc(73)] ReadMemory at 0x7ffe29f40000 of 64 bytes failed: Only part of a ReadProcessMemory or WriteProcessMemory request was completed. (0x12B)
[1001/200926.790:WARNING:pe_image_reader.cc(340)] could not read dos header from C:\Windows\SYSTEM32\WINHTTP.dll
[1001/200926.790:ERROR:process_memory_win.cc(73)] ReadMemory at 0x7ffe29f40000 of 64 bytes failed: Only part of a ReadProcessMemory or WriteProcessMemory request was completed. (0x12B)
[1001/200926.790:WARNING:pe_image_reader.cc(340)] could not read dos header from C:\Windows\SYSTEM32\WINHTTP.dll
[1001/200926.791:ERROR:process_memory_win.cc(73)] ReadMemory at 0x7ffe28380000 of 64 bytes failed: Only part of a ReadProcessMemory or WriteProcessMemory request was completed. (0x12B)
[1001/200926.791:WARNING:pe_image_reader.cc(340)] could not read dos header from C:\Windows\SYSTEM32\Secur32.dll
[1001/200926.791:ERROR:process_memory_win.cc(73)] ReadMemory at 0x7ffe28380000 of 64 bytes failed: Only part of a ReadProcessMemory or WriteProcessMemory request was completed. (0x12B)
[1001/200926.791:WARNING:pe_image_reader.cc(340)] could not read dos header from C:\Windows\SYSTEM32\Secur32.dll
[1001/200926.791:ERROR:process_memory_win.cc(73)] ReadMemory at 0x7ffe2a190000 of 64 bytes failed: Only part of a ReadProcessMemory or WriteProcessMemory request was completed. (0x12B)
[1001/200926.791:WARNING:pe_image_reader.cc(340)] could not read dos header from C:\Windows\SYSTEM32\dhcpcsvc.DLL
[1001/200926.791:ERROR:process_memory_win.cc(73)] ReadMemory at 0x7ffe2a190000 of 64 bytes failed: Only part of a ReadProcessMemory or WriteProcessMemory request was completed. (0x12B)
[1001/200926.791:WARNING:pe_image_reader.cc(340)] could not read dos header from C:\Windows\SYSTEM32\dhcpcsvc.DLL
[1001/200926.792:ERROR:process_memory_win.cc(73)] ReadMemory at 0x7ffe2a8f0000 of 64 bytes failed: Only part of a ReadProcessMemory or WriteProcessMemory request was completed. (0x12B)
[1001/200926.792:WARNING:pe_image_reader.cc(340)] could not read dos header from C:\Windows\SYSTEM32\WINNSI.DLL
[1001/200926.792:ERROR:process_memory_win.cc(73)] ReadMemory at 0x7ffe2a8f0000 of 64 bytes failed: Only part of a ReadProcessMemory or WriteProcessMemory request was completed. (0x12B)
[1001/200926.792:WARNING:pe_image_reader.cc(340)] could not read dos header from C:\Windows\SYSTEM32\WINNSI.DLL
[1001/200926.792:ERROR:process_memory_win.cc(73)] ReadMemory at 0x7ffe26340000 of 64 bytes failed: Only part of a ReadProcessMemory or WriteProcessMemory request was completed. (0x12B)
[1001/200926.792:WARNING:pe_image_reader.cc(340)] could not read dos header from C:\Windows\SYSTEM32\WINMMBASE.dll
[1001/200926.792:ERROR:process_memory_win.cc(73)] ReadMemory at 0x7ffe26340000 of 64 bytes failed: Only part of a ReadProcessMemory or WriteProcessMemory request was completed. (0x12B)
[1001/200926.792:WARNING:pe_image_reader.cc(340)] could not read dos header from C:\Windows\SYSTEM32\WINMMBASE.dll
[1001/200926.793:ERROR:process_memory_win.cc(73)] ReadMemory at 0x7ffe2ed30000 of 64 bytes failed: Only part of a ReadProcessMemory or WriteProcessMemory request was completed. (0x12B)
[1001/200926.793:WARNING:pe_image_reader.cc(340)] could not read dos header from C:\Windows\system32\cfgmgr32.dll
[1001/200926.793:ERROR:process_memory_win.cc(73)] ReadMemory at 0x7ffe2ed30000 of 64 bytes failed: Only part of a ReadProcessMemory or WriteProcessMemory request was completed. (0x12B)
[1001/200926.793:WARNING:pe_image_reader.cc(340)] could not read dos header from C:\Windows\system32\cfgmgr32.dll
[1001/200926.793:ERROR:process_memory_win.cc(73)] ReadMemory at 0x7ffe2e0d0000 of 64 bytes failed: Only part of a ReadProcessMemory or WriteProcessMemory request was completed. (0x12B)
[1001/200926.793:WARNING:pe_image_reader.cc(340)] could not read dos header from C:\Windows\SYSTEM32\bcrypt.dll
[1001/200926.793:ERROR:process_memory_win.cc(73)] ReadMemory at 0x7ffe2e0d0000 of 64 bytes failed: Only part of a ReadProcessMemory or WriteProcessMemory request was completed. (0x12B)
[1001/200926.794:WARNING:pe_image_reader.cc(340)] could not read dos header from C:\Windows\SYSTEM32\bcrypt.dll
[1001/200926.794:ERROR:process_memory_win.cc(73)] ReadMemory at 0x7ffe2cb10000 of 64 bytes failed: Only part of a ReadProcessMemory or WriteProcessMemory request was completed. (0x12B)
[1001/200926.794:WARNING:pe_image_reader.cc(340)] could not read dos header from C:\Windows\SYSTEM32\DEVOBJ.dll
[1001/200926.794:ERROR:process_memory_win.cc(73)] ReadMemory at 0x7ffe2cb10000 of 64 bytes failed: Only part of a ReadProcessMemory or WriteProcessMemory request was completed. (0x12B)
[1001/200926.794:WARNING:pe_image_reader.cc(340)] could not read dos header from C:\Windows\SYSTEM32\DEVOBJ.dll
[1001/200926.794:ERROR:process_memory_win.cc(73)] ReadMemory at 0x7ffe2ddc0000 of 64 bytes failed: Only part of a ReadProcessMemory or WriteProcessMemory request was completed. (0x12B)
[1001/200926.795:WARNING:pe_image_reader.cc(340)] could not read dos header from C:\Windows\SYSTEM32\SSPICLI.DLL
[1001/200926.795:ERROR:process_memory_win.cc(73)] ReadMemory at 0x7ffe2ddc0000 of 64 bytes failed: Only part of a ReadProcessMemory or WriteProcessMemory request was completed. (0x12B)
[1001/200926.795:WARNING:pe_image_reader.cc(340)] could not read dos header from C:\Windows\SYSTEM32\SSPICLI.DLL
[1001/200926.795:ERROR:process_memory_win.cc(73)] ReadMemory at 0x7ffe2f030000 of 64 bytes failed: Only part of a ReadProcessMemory or WriteProcessMemory request was completed. (0x12B)
[1001/200926.795:WARNING:pe_image_reader.cc(340)] could not read dos header from C:\Windows\system32\IMM32.DLL
[1001/200926.795:ERROR:process_memory_win.cc(73)] ReadMemory at 0x7ffe2f030000 of 64 bytes failed: Only part of a ReadProcessMemory or WriteProcessMemory request was completed. (0x12B)
[1001/200926.795:WARNING:pe_image_reader.cc(340)] could not read dos header from C:\Windows\system32\IMM32.DLL
[1001/200926.795:ERROR:process_memory_win.cc(73)] ReadMemory at 0x7ffe2f440000 of 64 bytes failed: Only part of a ReadProcessMemory or WriteProcessMemory request was completed. (0x12B)
[1001/200926.795:WARNING:pe_image_reader.cc(340)] could not read dos header from C:\Windows\system32\MSCTF.dll
[1001/200926.796:ERROR:process_memory_win.cc(73)] ReadMemory at 0x7ffe2f440000 of 64 bytes failed: Only part of a ReadProcessMemory or WriteProcessMemory request was completed. (0x12B)
[1001/200926.796:WARNING:pe_image_reader.cc(340)] could not read dos header from C:\Windows\system32\MSCTF.dll
[1001/200926.796:ERROR:process_memory_win.cc(73)] ReadMemory at 0x7ffe2dfc0000 of 64 bytes failed: Only part of a ReadProcessMemory or WriteProcessMemory request was completed. (0x12B)
[1001/200926.796:WARNING:pe_image_reader.cc(340)] could not read dos header from C:\Windows\SYSTEM32\bcryptPrimitives.dll
[1001/200926.796:ERROR:process_memory_win.cc(73)] ReadMemory at 0x7ffe2dfc0000 of 64 bytes failed: Only part of a ReadProcessMemory or WriteProcessMemory request was completed. (0x12B)
[1001/200926.796:WARNING:pe_image_reader.cc(340)] could not read dos header from C:\Windows\SYSTEM32\bcryptPrimitives.dll
[1001/200926.796:ERROR:process_memory_win.cc(73)] ReadMemory at 0x7ffe2db80000 of 64 bytes failed: Only part of a ReadProcessMemory or WriteProcessMemory request was completed. (0x12B)
[1001/200926.796:WARNING:pe_image_reader.cc(340)] could not read dos header from C:\Windows\SYSTEM32\CRYPTBASE.DLL
[1001/200926.796:ERROR:process_memory_win.cc(73)] ReadMemory at 0x7ffe2db80000 of 64 bytes failed: Only part of a ReadProcessMemory or WriteProcessMemory request was completed. (0x12B)
[1001/200926.796:WARNING:pe_image_reader.cc(340)] could not read dos header from C:\Windows\SYSTEM32\CRYPTBASE.DLL
[1001/200928.845:ERROR:process_memory_win.cc(73)] ReadMemory at 0x7ff66aff0000 of 64 bytes failed: Only part of a ReadProcessMemory or WriteProcessMemory request was completed. (0x12B)
[1001/200928.845:WARNING:pe_image_reader.cc(340)] could not read dos header from C:\Program Files (x86)\Google\Chrome\Application\chrome.exe
[1001/200928.845:ERROR:process_memory_win.cc(73)] ReadMemory at 0x7ffe31770000 of 64 bytes failed: Only part of a ReadProcessMemory or WriteProcessMemory request was completed. (0x12B)
[1001/200928.845:WARNING:pe_image_reader.cc(340)] could not read dos header from C:\Windows\SYSTEM32\ntdll.dll
[1001/200928.845:ERROR:process_memory_win.cc(73)] ReadMemory at 0x7ffe2f070000 of 64 bytes failed: Only part of a ReadProcessMemory or WriteProcessMemory request was completed. (0x12B)
[1001/200928.845:WARNING:pe_image_reader.cc(340)] could not read dos header from C:\Windows\system32\KERNEL32.DLL
[1001/200928.845:ERROR:process_memory_win.cc(73)] ReadMemory at 0x7ffe2e870000 of 64 bytes failed: Only part of a ReadProcessMemory or WriteProcessMemory request was completed. (0x12B)
[1001/200928.846:WARNING:pe_image_reader.cc(340)] could not read dos header from C:\Windows\system32\KERNELBASE.dll
[1001/200928.846:ERROR:process_memory_win.cc(73)] ReadMemory at 0x7ffe1dd70000 of 64 bytes failed: Only part of a ReadProcessMemory or WriteProcessMemory request was completed. (0x12B)
[1001/200928.846:WARNING:pe_image_reader.cc(340)] could not read dos header from C:\Program Files (x86)\Google\Chrome\Application\77.0.3865.90\chrome_elf.dll
[1001/200928.846:ERROR:process_memory_win.cc(73)] ReadMemory at 0x7ffe27e20000 of 64 bytes failed: Only part of a ReadProcessMemory or WriteProcessMemory request was completed. (0x12B)
[1001/200928.846:WARNING:pe_image_reader.cc(340)] could not read dos header from C:\Windows\SYSTEM32\VERSION.dll
[1001/200928.846:ERROR:process_memory_win.cc(73)] ReadMemory at 0x7ffe312c0000 of 64 bytes failed: Only part of a ReadProcessMemory or WriteProcessMemory request was completed. (0x12B)
[1001/200928.846:WARNING:pe_image_reader.cc(340)] could not read dos header from C:\Windows\system32\msvcrt.dll
[1001/200928.846:ERROR:process_memory_win.cc(73)] ReadMemory at 0x7ffe30e00000 of 64 bytes failed: Only part of a ReadProcessMemory or WriteProcessMemory request was completed. (0x12B)
[1001/200928.846:WARNING:pe_image_reader.cc(340)] could not read dos header from C:\Windows\system32\ADVAPI32.dll
[1001/200928.847:ERROR:process_memory_win.cc(73)] ReadMemory at 0x7ffe30da0000 of 64 bytes failed: Only part of a ReadProcessMemory or WriteProcessMemory request was completed. (0x12B)
[1001/200928.847:WARNING:pe_image_reader.cc(340)] could not read dos header from C:\Windows\system32\sechost.dll
[1001/200928.847:ERROR:process_memory_win.cc(73)] ReadMemory at 0x7ffe2f5a0000 of 64 bytes failed: Only part of a ReadProcessMemory or WriteProcessMemory request was completed. (0x12B)
[1001/200928.847:WARNING:pe_image_reader.cc(340)] could not read dos header from C:\Windows\system32\RPCRT4.dll
[1001/200928.847:ERROR:process_memory_win.cc(73)] ReadMemory at 0x7ffe07fb0000 of 64 bytes failed: Only part of a ReadProcessMemory or WriteProcessMemory request was completed. (0x12B)
[1001/200928.847:WARNING:pe_image_reader.cc(340)] could not read dos header from C:\Program Files (x86)\Google\Chrome\Application\77.0.3865.90\chrome_child.dll
[1001/200928.847:ERROR:process_memory_win.cc(73)] ReadMemory at 0x7ffe30ce0000 of 64 bytes failed: Only part of a ReadProcessMemory or WriteProcessMemory request was completed. (0x12B)
[1001/200928.847:WARNING:pe_image_reader.cc(340)] could not read dos header from C:\Windows\system32\OLEAUT32.dll
[1001/200928.847:ERROR:process_memory_win.cc(73)] ReadMemory at 0x7ffe30eb0000 of 64 bytes failed: Only part of a ReadProcessMemory or WriteProcessMemory request was completed. (0x12B)
[1001/200928.847:WARNING:pe_image_reader.cc(340)] could not read dos header from C:\Windows\system32\combase.dll
[1001/200928.848:ERROR:process_memory_win.cc(73)] ReadMemory at 0x7ffe31130000 of 64 bytes failed: Only part of a ReadProcessMemory or WriteProcessMemory request was completed. (0x12B)
[1001/200928.848:WARNING:pe_image_reader.cc(340)] could not read dos header from C:\Windows\system32\WS2_32.dll
[1001/200928.848:ERROR:process_memory_win.cc(73)] ReadMemory at 0x7ffe31360000 of 64 bytes failed: Only part of a ReadProcessMemory or WriteProcessMemory request was completed. (0x12B)
[1001/200928.848:WARNING:pe_image_reader.cc(340)] could not read dos header from C:\Windows\system32\NSI.dll
[1001/200928.848:ERROR:process_memory_win.cc(73)] ReadMemory at 0x7ffe2ee40000 of 64 bytes failed: Only part of a ReadProcessMemory or WriteProcessMemory request was completed. (0x12B)
[1001/200928.848:WARNING:pe_image_reader.cc(340)] could not read dos header from C:\Windows\system32\GDI32.dll
[1001/200928.848:ERROR:process_memory_win.cc(73)] ReadMemory at 0x7ffe31620000 of 64 bytes failed: Only part of a ReadProcessMemory or WriteProcessMemory request was completed. (0x12B)
[1001/200928.848:WARNING:pe_image_reader.cc(340)] could not read dos header from C:\Windows\system32\USER32.dll
[1001/200928.848:ERROR:process_memory_win.cc(73)] ReadMemory at 0x7ffe2ea50000 of 64 bytes failed: Only part of a ReadProcessMemory or WriteProcessMemory request was completed. (0x12B)
[1001/200928.848:WARNING:pe_image_reader.cc(340)] could not read dos header from C:\Windows\system32\WINTRUST.dll
[1001/200928.848:ERROR:process_memory_win.cc(73)] ReadMemory at 0x7ffe2e1a0000 of 64 bytes failed: Only part of a ReadProcessMemory or WriteProcessMemory request was completed. (0x12B)
[1001/200928.848:WARNING:pe_image_reader.cc(340)] could not read dos header from C:\Windows\system32\MSASN1.dll
[1001/200928.848:ERROR:process_memory_win.cc(73)] ReadMemory at 0x7ffe2eb60000 of 64 bytes failed: Only part of a ReadProcessMemory or WriteProcessMemory request was completed. (0x12B)
[1001/200928.848:WARNING:pe_image_reader.cc(340)] could not read dos header from C:\Windows\system32\CRYPT32.dll
[1001/200928.848:ERROR:process_memory_win.cc(73)] ReadMemory at 0x7ffe2a830000 of 64 bytes failed: Only part of a ReadProcessMemory or WriteProcessMemory request was completed. (0x12B)
[1001/200928.849:WARNING:pe_image_reader.cc(340)] could not read dos header from C:\Windows\SYSTEM32\IPHLPAPI.DLL
[1001/200928.849:ERROR:process_memory_win.cc(73)] ReadMemory at 0x7ffe26370000 of 64 bytes failed: Only part of a ReadProcessMemory or WriteProcessMemory request was completed. (0x12B)
[1001/200928.849:WARNING:pe_image_reader.cc(340)] could not read dos header from C:\Windows\SYSTEM32\WINMM.dll
[1001/200928.849:ERROR:process_memory_win.cc(73)] ReadMemory at 0x7ffe2d840000 of 64 bytes failed: Only part of a ReadProcessMemory or WriteProcessMemory request was completed. (0x12B)
[1001/200928.849:WARNING:pe_image_reader.cc(340)] could not read dos header from C:\Windows\SYSTEM32\USERENV.dll
[1001/200928.849:ERROR:process_memory_win.cc(73)] ReadMemory at 0x7ffe2e1c0000 of 64 bytes failed: Only part of a ReadProcessMemory or WriteProcessMemory request was completed. (0x12B)
[1001/200928.849:WARNING:pe_image_reader.cc(340)] could not read dos header from C:\Windows\system32\profapi.dll
[1001/200928.849:ERROR:process_memory_win.cc(73)] ReadMemory at 0x7ffe24d80000 of 64 bytes failed: Only part of a ReadProcessMemory or WriteProcessMemory request was completed. (0x12B)
[1001/200928.849:WARNING:pe_image_reader.cc(340)] could not read dos header from C:\Windows\SYSTEM32\DWrite.dll
[1001/200928.849:ERROR:process_memory_win.cc(73)] ReadMemory at 0x7ffe1c560000 of 64 bytes failed: Only part of a ReadProcessMemory or WriteProcessMemory request was completed. (0x12B)
[1001/200928.849:WARNING:pe_image_reader.cc(340)] could not read dos header from C:\Windows\SYSTEM32\WINSPOOL.DRV
[1001/200928.849:ERROR:process_memory_win.cc(73)] ReadMemory at 0x7ffe23640000 of 64 bytes failed: Only part of a ReadProcessMemory or WriteProcessMemory request was completed. (0x12B)
[1001/200928.849:WARNING:pe_image_reader.cc(340)] could not read dos header from C:\Windows\SYSTEM32\dbghelp.dll
[1001/200928.849:ERROR:process_memory_win.cc(73)] ReadMemory at 0x7ffe29f40000 of 64 bytes failed: Only part of a ReadProcessMemory or WriteProcessMemory request was completed. (0x12B)
[1001/200928.849:WARNING:pe_image_reader.cc(340)] could not read dos header from C:\Windows\SYSTEM32\WINHTTP.dll
[1001/200928.850:ERROR:process_memory_win.cc(73)] ReadMemory at 0x7ffe28380000 of 64 bytes failed: Only part of a ReadProcessMemory or WriteProcessMemory request was completed. (0x12B)
[1001/200928.850:WARNING:pe_image_reader.cc(340)] could not read dos header from C:\Windows\SYSTEM32\Secur32.dll
[1001/200928.850:ERROR:process_memory_win.cc(73)] ReadMemory at 0x7ffe2a190000 of 64 bytes failed: Only part of a ReadProcessMemory or WriteProcessMemory request was completed. (0x12B)
[1001/200928.850:WARNING:pe_image_reader.cc(340)] could not read dos header from C:\Windows\SYSTEM32\dhcpcsvc.DLL
[1001/200928.850:ERROR:process_memory_win.cc(73)] ReadMemory at 0x7ffe2a8f0000 of 64 bytes failed: Only part of a ReadProcessMemory or WriteProcessMemory request was completed. (0x12B)
[1001/200928.850:WARNING:pe_image_reader.cc(340)] could not read dos header from C:\Windows\SYSTEM32\WINNSI.DLL
[1001/200928.850:ERROR:process_memory_win.cc(73)] ReadMemory at 0x7ffe26340000 of 64 bytes failed: Only part of a ReadProcessMemory or WriteProcessMemory request was completed. (0x12B)
[1001/200928.850:WARNING:pe_image_reader.cc(340)] could not read dos header from C:\Windows\SYSTEM32\WINMMBASE.dll
[1001/200928.850:ERROR:process_memory_win.cc(73)] ReadMemory at 0x7ffe2ed30000 of 64 bytes failed: Only part of a ReadProcessMemory or WriteProcessMemory request was completed. (0x12B)
[1001/200928.850:WARNING:pe_image_reader.cc(340)] could not read dos header from C:\Windows\system32\cfgmgr32.dll
[1001/200928.850:ERROR:process_memory_win.cc(73)] ReadMemory at 0x7ffe2e0d0000 of 64 bytes failed: Only part of a ReadProcessMemory or WriteProcessMemory request was completed. (0x12B)
[1001/200928.850:WARNING:pe_image_reader.cc(340)] could not read dos header from C:\Windows\SYSTEM32\bcrypt.dll
[1001/200928.850:ERROR:process_memory_win.cc(73)] ReadMemory at 0x7ffe2cb10000 of 64 bytes failed: Only part of a ReadProcessMemory or WriteProcessMemory request was completed. (0x12B)
[1001/200928.850:WARNING:pe_image_reader.cc(340)] could not read dos header from C:\Windows\SYSTEM32\DEVOBJ.dll
[1001/200928.851:ERROR:process_memory_win.cc(73)] ReadMemory at 0x7ffe2ddc0000 of 64 bytes failed: Only part of a ReadProcessMemory or WriteProcessMemory request was completed. (0x12B)
[1001/200928.851:WARNING:pe_image_reader.cc(340)] could not read dos header from C:\Windows\SYSTEM32\SSPICLI.DLL
[1001/200928.851:ERROR:process_memory_win.cc(73)] ReadMemory at 0x7ffe2f030000 of 64 bytes failed: Only part of a ReadProcessMemory or WriteProcessMemory request was completed. (0x12B)
[1001/200928.851:WARNING:pe_image_reader.cc(340)] could not read dos header from C:\Windows\system32\IMM32.DLL
[1001/200928.851:ERROR:process_memory_win.cc(73)] ReadMemory at 0x7ffe2f440000 of 64 bytes failed: Only part of a ReadProcessMemory or WriteProcessMemory request was completed. (0x12B)
[1001/200928.851:WARNING:pe_image_reader.cc(340)] could not read dos header from C:\Windows\system32\MSCTF.dll
[1001/200928.851:ERROR:process_memory_win.cc(73)] ReadMemory at 0x7ffe2dfc0000 of 64 bytes failed: Only part of a ReadProcessMemory or WriteProcessMemory request was completed. (0x12B)
[1001/200928.851:WARNING:pe_image_reader.cc(340)] could not read dos header from C:\Windows\SYSTEM32\bcryptPrimitives.dll
[1001/200928.851:ERROR:process_memory_win.cc(73)] ReadMemory at 0x7ffe2db80000 of 64 bytes failed: Only part of a ReadProcessMemory or WriteProcessMemory request was completed. (0x12B)
[1001/200928.851:WARNING:pe_image_reader.cc(340)] could not read dos header from C:\Windows\SYSTEM32\CRYPTBASE.DLL
[1001/200928.852:ERROR:process_memory_win.cc(73)] ReadMemory at 0x7ff66aff0000 of 64 bytes failed: Only part of a ReadProcessMemory or WriteProcessMemory request was completed. (0x12B)
[1001/200928.852:WARNING:pe_image_reader.cc(340)] could not read dos header from C:\Program Files (x86)\Google\Chrome\Application\chrome.exe
[1001/200928.852:ERROR:process_memory_win.cc(73)] ReadMemory at 0x7ffe31770000 of 64 bytes failed: Only part of a ReadProcessMemory or WriteProcessMemory request was completed. (0x12B)
[1001/200928.852:WARNING:pe_image_reader.cc(340)] could not read dos header from C:\Windows\SYSTEM32\ntdll.dll
[1001/200928.852:ERROR:process_memory_win.cc(73)] ReadMemory at 0x7ffe2f070000 of 64 bytes failed: Only part of a ReadProcessMemory or WriteProcessMemory request was completed. (0x12B)
[1001/200928.852:WARNING:pe_image_reader.cc(340)] could not read dos header from C:\Windows\system32\KERNEL32.DLL
[1001/200928.852:ERROR:process_memory_win.cc(73)] ReadMemory at 0x7ffe2e870000 of 64 bytes failed: Only part of a ReadProcessMemory or WriteProcessMemory request was completed. (0x12B)
[1001/200928.852:WARNING:pe_image_reader.cc(340)] could not read dos header from C:\Windows\system32\KERNELBASE.dll
[1001/200928.852:ERROR:process_memory_win.cc(73)] ReadMemory at 0x7ffe1dd70000 of 64 bytes failed: Only part of a ReadProcessMemory or WriteProcessMemory request was completed. (0x12B)
[1001/200928.853:WARNING:pe_image_reader.cc(340)] could not read dos header from C:\Program Files (x86)\Google\Chrome\Application\77.0.3865.90\chrome_elf.dll
[1001/200928.853:ERROR:process_memory_win.cc(73)] ReadMemory at 0x7ffe27e20000 of 64 bytes failed: Only part of a ReadProcessMemory or WriteProcessMemory request was completed. (0x12B)
[1001/200928.853:WARNING:pe_image_reader.cc(340)] could not read dos header from C:\Windows\SYSTEM32\VERSION.dll
[1001/200928.853:ERROR:process_memory_win.cc(73)] ReadMemory at 0x7ffe312c0000 of 64 bytes failed: Only part of a ReadProcessMemory or WriteProcessMemory request was completed. (0x12B)
[1001/200928.853:WARNING:pe_image_reader.cc(340)] could not read dos header from C:\Windows\system32\msvcrt.dll
[1001/200928.853:ERROR:process_memory_win.cc(73)] ReadMemory at 0x7ffe30e00000 of 64 bytes failed: Only part of a ReadProcessMemory or WriteProcessMemory request was completed. (0x12B)
[1001/200928.853:WARNING:pe_image_reader.cc(340)] could not read dos header from C:\Windows\system32\ADVAPI32.dll
[1001/200928.853:ERROR:process_memory_win.cc(73)] ReadMemory at 0x7ffe30da0000 of 64 bytes failed: Only part of a ReadProcessMemory or WriteProcessMemory request was completed. (0x12B)
[1001/200928.853:WARNING:pe_image_reader.cc(340)] could not read dos header from C:\Windows\system32\sechost.dll
[1001/200928.853:ERROR:process_memory_win.cc(73)] ReadMemory at 0x7ffe2f5a0000 of 64 bytes failed: Only part of a ReadProcessMemory or WriteProcessMemory request was completed. (0x12B)
[1001/200928.853:WARNING:pe_image_reader.cc(340)] could not read dos header from C:\Windows\system32\RPCRT4.dll
[1001/200928.854:ERROR:process_memory_win.cc(73)] ReadMemory at 0x7ffe07fb0000 of 64 bytes failed: Only part of a ReadProcessMemory or WriteProcessMemory request was completed. (0x12B)
[1001/200928.854:WARNING:pe_image_reader.cc(340)] could not read dos header from C:\Program Files (x86)\Google\Chrome\Application\77.0.3865.90\chrome_child.dll
[1001/200928.854:ERROR:process_memory_win.cc(73)] ReadMemory at 0x7ffe30ce0000 of 64 bytes failed: Only part of a ReadProcessMemory or WriteProcessMemory request was completed. (0x12B)
[1001/200928.854:WARNING:pe_image_reader.cc(340)] could not read dos header from C:\Windows\system32\OLEAUT32.dll
[1001/200928.854:ERROR:process_memory_win.cc(73)] ReadMemory at 0x7ffe30eb0000 of 64 bytes failed: Only part of a ReadProcessMemory or WriteProcessMemory request was completed. (0x12B)
[1001/200928.854:WARNING:pe_image_reader.cc(340)] could not read dos header from C:\Windows\system32\combase.dll
[1001/200928.855:ERROR:process_memory_win.cc(73)] ReadMemory at 0x7ffe31130000 of 64 bytes failed: Only part of a ReadProcessMemory or WriteProcessMemory request was completed. (0x12B)
[1001/200928.855:WARNING:pe_image_reader.cc(340)] could not read dos header from C:\Windows\system32\WS2_32.dll
[1001/200928.855:ERROR:process_memory_win.cc(73)] ReadMemory at 0x7ffe31360000 of 64 bytes failed: Only part of a ReadProcessMemory or WriteProcessMemory request was completed. (0x12B)
[1001/200928.855:WARNING:pe_image_reader.cc(340)] could not read dos header from C:\Windows\system32\NSI.dll
[1001/200928.855:ERROR:process_memory_win.cc(73)] ReadMemory at 0x7ffe2ee40000 of 64 bytes failed: Only part of a ReadProcessMemory or WriteProcessMemory request was completed. (0x12B)
[1001/200928.855:WARNING:pe_image_reader.cc(340)] could not read dos header from C:\Windows\system32\GDI32.dll
[1001/200928.855:ERROR:process_memory_win.cc(73)] ReadMemory at 0x7ffe31620000 of 64 bytes failed: Only part of a ReadProcessMemory or WriteProcessMemory request was completed. (0x12B)
[1001/200928.855:WARNING:pe_image_reader.cc(340)] could not read dos header from C:\Windows\system32\USER32.dll
[1001/200928.855:ERROR:process_memory_win.cc(73)] ReadMemory at 0x7ffe2ea50000 of 64 bytes failed: Only part of a ReadProcessMemory or WriteProcessMemory request was completed. (0x12B)
[1001/200928.855:WARNING:pe_image_reader.cc(340)] could not read dos header from C:\Windows\system32\WINTRUST.dll
[1001/200928.856:ERROR:process_memory_win.cc(73)] ReadMemory at 0x7ffe2e1a0000 of 64 bytes failed: Only part of a ReadProcessMemory or WriteProcessMemory request was completed. (0x12B)
[1001/200928.856:WARNING:pe_image_reader.cc(340)] could not read dos header from C:\Windows\system32\MSASN1.dll
[1001/200928.856:ERROR:process_memory_win.cc(73)] ReadMemory at 0x7ffe2eb60000 of 64 bytes failed: Only part of a ReadProcessMemory or WriteProcessMemory request was completed. (0x12B)
[1001/200928.856:WARNING:pe_image_reader.cc(340)] could not read dos header from C:\Windows\system32\CRYPT32.dll
[1001/200928.856:ERROR:process_memory_win.cc(73)] ReadMemory at 0x7ffe2a830000 of 64 bytes failed: Only part of a ReadProcessMemory or WriteProcessMemory request was completed. (0x12B)
[1001/200928.856:WARNING:pe_image_reader.cc(340)] could not read dos header from C:\Windows\SYSTEM32\IPHLPAPI.DLL
[1001/200928.856:ERROR:process_memory_win.cc(73)] ReadMemory at 0x7ffe26370000 of 64 bytes failed: Only part of a ReadProcessMemory or WriteProcessMemory request was completed. (0x12B)
[1001/200928.856:WARNING:pe_image_reader.cc(340)] could not read dos header from C:\Windows\SYSTEM32\WINMM.dll
[1001/200928.856:ERROR:process_memory_win.cc(73)] ReadMemory at 0x7ffe2d840000 of 64 bytes failed: Only part of a ReadProcessMemory or WriteProcessMemory request was completed. (0x12B)
[1001/200928.856:WARNING:pe_image_reader.cc(340)] could not read dos header from C:\Windows\SYSTEM32\USERENV.dll
[1001/200928.856:ERROR:process_memory_win.cc(73)] ReadMemory at 0x7ffe2e1c0000 of 64 bytes failed: Only part of a ReadProcessMemory or WriteProcessMemory request was completed. (0x12B)
[1001/200928.856:WARNING:pe_image_reader.cc(340)] could not read dos header from C:\Windows\system32\profapi.dll
[1001/200928.856:ERROR:process_memory_win.cc(73)] ReadMemory at 0x7ffe24d80000 of 64 bytes failed: Only part of a ReadProcessMemory or WriteProcessMemory request was completed. (0x12B)
[1001/200928.856:WARNING:pe_image_reader.cc(340)] could not read dos header from C:\Windows\SYSTEM32\DWrite.dll
[1001/200928.856:ERROR:process_memory_win.cc(73)] ReadMemory at 0x7ffe1c560000 of 64 bytes failed: Only part of a ReadProcessMemory or WriteProcessMemory request was completed. (0x12B)
[1001/200928.856:WARNING:pe_image_reader.cc(340)] could not read dos header from C:\Windows\SYSTEM32\WINSPOOL.DRV
[1001/200928.856:ERROR:process_memory_win.cc(73)] ReadMemory at 0x7ffe23640000 of 64 bytes failed: Only part of a ReadProcessMemory or WriteProcessMemory request was completed. (0x12B)
[1001/200928.857:WARNING:pe_image_reader.cc(340)] could not read dos header from C:\Windows\SYSTEM32\dbghelp.dll
[1001/200928.857:ERROR:process_memory_win.cc(73)] ReadMemory at 0x7ffe29f40000 of 64 bytes failed: Only part of a ReadProcessMemory or WriteProcessMemory request was completed. (0x12B)
[1001/200928.857:WARNING:pe_image_reader.cc(340)] could not read dos header from C:\Windows\SYSTEM32\WINHTTP.dll
[1001/200928.857:ERROR:process_memory_win.cc(73)] ReadMemory at 0x7ffe28380000 of 64 bytes failed: Only part of a ReadProcessMemory or WriteProcessMemory request was completed. (0x12B)
[1001/200928.857:WARNING:pe_image_reader.cc(340)] could not read dos header from C:\Windows\SYSTEM32\Secur32.dll
[1001/200928.857:ERROR:process_memory_win.cc(73)] ReadMemory at 0x7ffe2a190000 of 64 bytes failed: Only part of a ReadProcessMemory or WriteProcessMemory request was completed. (0x12B)
[1001/200928.857:WARNING:pe_image_reader.cc(340)] could not read dos header from C:\Windows\SYSTEM32\dhcpcsvc.DLL
[1001/200928.857:ERROR:process_memory_win.cc(73)] ReadMemory at 0x7ffe2a8f0000 of 64 bytes failed: Only part of a ReadProcessMemory or WriteProcessMemory request was completed. (0x12B)
[1001/200928.857:WARNING:pe_image_reader.cc(340)] could not read dos header from C:\Windows\SYSTEM32\WINNSI.DLL
[1001/200928.857:ERROR:process_memory_win.cc(73)] ReadMemory at 0x7ffe26340000 of 64 bytes failed: Only part of a ReadProcessMemory or WriteProcessMemory request was completed. (0x12B)
[1001/200928.857:WARNING:pe_image_reader.cc(340)] could not read dos header from C:\Windows\SYSTEM32\WINMMBASE.dll
[1001/200928.857:ERROR:process_memory_win.cc(73)] ReadMemory at 0x7ffe2ed30000 of 64 bytes failed: Only part of a ReadProcessMemory or WriteProcessMemory request was completed. (0x12B)
[1001/200928.857:WARNING:pe_image_reader.cc(340)] could not read dos header from C:\Windows\system32\cfgmgr32.dll
[1001/200928.857:ERROR:process_memory_win.cc(73)] ReadMemory at 0x7ffe2e0d0000 of 64 bytes failed: Only part of a ReadProcessMemory or WriteProcessMemory request was completed. (0x12B)
[1001/200928.857:WARNING:pe_image_reader.cc(340)] could not read dos header from C:\Windows\SYSTEM32\bcrypt.dll
[1001/200928.857:ERROR:process_memory_win.cc(73)] ReadMemory at 0x7ffe2cb10000 of 64 bytes failed: Only part of a ReadProcessMemory or WriteProcessMemory request was completed. (0x12B)
[1001/200928.857:WARNING:pe_image_reader.cc(340)] could not read dos header from C:\Windows\SYSTEM32\DEVOBJ.dll
[1001/200928.858:ERROR:process_memory_win.cc(73)] ReadMemory at 0x7ffe2ddc0000 of 64 bytes failed: Only part of a ReadProcessMemory or WriteProcessMemory request was completed. (0x12B)
[1001/200928.858:WARNING:pe_image_reader.cc(340)] could not read dos header from C:\Windows\SYSTEM32\SSPICLI.DLL
[1001/200928.858:ERROR:process_memory_win.cc(73)] ReadMemory at 0x7ffe2f030000 of 64 bytes failed: Only part of a ReadProcessMemory or WriteProcessMemory request was completed. (0x12B)
[1001/200928.858:WARNING:pe_image_reader.cc(340)] could not read dos header from C:\Windows\system32\IMM32.DLL
[1001/200928.858:ERROR:process_memory_win.cc(73)] ReadMemory at 0x7ffe2f440000 of 64 bytes failed: Only part of a ReadProcessMemory or WriteProcessMemory request was completed. (0x12B)
[1001/200928.858:WARNING:pe_image_reader.cc(340)] could not read dos header from C:\Windows\system32\MSCTF.dll
[1001/200928.858:ERROR:process_memory_win.cc(73)] ReadMemory at 0x7ffe2dfc0000 of 64 bytes failed: Only part of a ReadProcessMemory or WriteProcessMemory request was completed. (0x12B)
[1001/200928.858:WARNING:pe_image_reader.cc(340)] could not read dos header from C:\Windows\SYSTEM32\bcryptPrimitives.dll
[1001/200928.858:ERROR:process_memory_win.cc(73)] ReadMemory at 0x7ffe2db80000 of 64 bytes failed: Only part of a ReadProcessMemory or WriteProcessMemory request was completed. (0x12B)
[1001/200928.858:WARNING:pe_image_reader.cc(340)] could not read dos header from C:\Windows\SYSTEM32\CRYPTBASE.DLL
[1001/200929.019:ERROR:process_memory_win.cc(73)] ReadMemory at 0x89807f5000 of 45056 bytes failed: Only part of a ReadProcessMemory or WriteProcessMemory request was completed. (0x12B)
[1001/200929.020:ERROR:process_memory_win.cc(73)] ReadMemory at 0x8982f0d000 of 12288 bytes failed: Only part of a ReadProcessMemory or WriteProcessMemory request was completed. (0x12B)
[1001/200929.020:ERROR:process_memory_win.cc(73)] ReadMemory at 0x898370c000 of 16384 bytes failed: Only part of a ReadProcessMemory or WriteProcessMemory request was completed. (0x12B)
[1001/200929.021:ERROR:process_memory_win.cc(73)] ReadMemory at 0x8983f0d000 of 12288 bytes failed: Only part of a ReadProcessMemory or WriteProcessMemory request was completed. (0x12B)
[1001/200929.021:ERROR:process_memory_win.cc(73)] ReadMemory at 0x898470b000 of 20480 bytes failed: Only part of a ReadProcessMemory or WriteProcessMemory request was completed. (0x12B)
[1001/200929.021:ERROR:process_memory_win.cc(73)] ReadMemory at 0x8984f0e000 of 8192 bytes failed: Only part of a ReadProcessMemory or WriteProcessMemory request was completed. (0x12B)
[1001/200929.021:ERROR:process_memory_win.cc(73)] ReadMemory at 0x898570d000 of 12288 bytes failed: Only part of a ReadProcessMemory or WriteProcessMemory request was completed. (0x12B)
[1001/200929.022:ERROR:process_memory_win.cc(73)] ReadMemory at 0x898610c000 of 16384 bytes failed: Only part of a ReadProcessMemory or WriteProcessMemory request was completed. (0x12B)
[1001/200929.022:ERROR:process_memory_win.cc(73)] ReadMemory at 0x898690d000 of 12288 bytes failed: Only part of a ReadProcessMemory or WriteProcessMemory request was completed. (0x12B)
[1001/200929.022:ERROR:process_memory_win.cc(73)] ReadMemory at 0x898790d000 of 12288 bytes failed: Only part of a ReadProcessMemory or WriteProcessMemory request was completed. (0x12B)
[1001/200929.022:ERROR:process_memory_win.cc(73)] ReadMemory at 0x898810d000 of 12288 bytes failed: Only part of a ReadProcessMemory or WriteProcessMemory request was completed. (0x12B)
[1001/200929.023:ERROR:process_memory_win.cc(73)] ReadMemory at 0x898890d000 of 12288 bytes failed: Only part of a ReadProcessMemory or WriteProcessMemory request was completed. (0x12B)
[1001/200929.023:ERROR:process_memory_win.cc(73)] ReadMemory at 0x898910d000 of 12288 bytes failed: Only part of a ReadProcessMemory or WriteProcessMemory request was completed. (0x12B)
[1001/200929.023:ERROR:process_memory_win.cc(73)] ReadMemory at 0x89809c1b40 of 512 bytes failed: Only part of a ReadProcessMemory or WriteProcessMemory request was completed. (0x12B)
[1001/200929.051:ERROR:process_memory_win.cc(73)] ReadMemory at 0x8980a157f0 of 512 bytes failed: Only part of a ReadProcessMemory or WriteProcessMemory request was completed. (0x12B)
[1001/200929.051:ERROR:process_memory_win.cc(73)] ReadMemory at 0x8980a15f70 of 512 bytes failed: Only part of a ReadProcessMemory or WriteProcessMemory request was completed. (0x12B)
[1001/200929.051:ERROR:process_memory_win.cc(73)] ReadMemory at 0x8980a23ad0 of 512 bytes failed: Only part of a ReadProcessMemory or WriteProcessMemory request was completed. (0x12B)
[1001/200929.052:ERROR:process_memory_win.cc(73)] ReadMemory at 0x8980a25fa0 of 512 bytes failed: Only part of a ReadProcessMemory or WriteProcessMemory request was completed. (0x12B)
[1001/200929.052:ERROR:process_memory_win.cc(73)] ReadMemory at 0x8980a30fe0 of 512 bytes failed: Only part of a ReadProcessMemory or WriteProcessMemory request was completed. (0x12B)
[1001/200929.052:ERROR:process_memory_win.cc(73)] ReadMemory at 0x8980a33110 of 512 bytes failed: Only part of a ReadProcessMemory or WriteProcessMemory request was completed. (0x12B)
[1001/200929.052:ERROR:process_memory_win.cc(73)] ReadMemory at 0x8980a347f0 of 512 bytes failed: Only part of a ReadProcessMemory or WriteProcessMemory request was completed. (0x12B)
[1001/200929.052:ERROR:process_memory_win.cc(73)] ReadMemory at 0x8980a4af40 of 512 bytes failed: Only part of a ReadProcessMemory or WriteProcessMemory request was completed. (0x12B)
[1001/200929.053:ERROR:process_memory_win.cc(73)] ReadMemory at 0x8980a4b930 of 712 bytes failed: Only part of a ReadProcessMemory or WriteProcessMemory request was completed. (0x12B)
[1001/200929.053:ERROR:process_memory_win.cc(73)] ReadMemory at 0x8980a4f8d0 of 648 bytes failed: Only part of a ReadProcessMemory or WriteProcessMemory request was completed. (0x12B)
[1001/200929.053:ERROR:process_memory_win.cc(73)] ReadMemory at 0x8980a52df0 of 848 bytes failed: Only part of a ReadProcessMemory or WriteProcessMemory request was completed. (0x12B)
[1001/200929.153:ERROR:process_memory_win.cc(73)] ReadMemory at 0x8980a551f8 of 512 bytes failed: Only part of a ReadProcessMemory or WriteProcessMemory request was completed. (0x12B)
[1001/200929.153:ERROR:process_memory_win.cc(73)] ReadMemory at 0x8980b5ff80 of 512 bytes failed: Only part of a ReadProcessMemory or WriteProcessMemory request was completed. (0x12B)
[1001/200929.153:ERROR:process_memory_win.cc(73)] ReadMemory at 0x8985844778 of 512 bytes failed: Only part of a ReadProcessMemory or WriteProcessMemory request was completed. (0x12B)
[1001/200929.153:ERROR:process_memory_win.cc(73)] ReadMemory at 0x8986b559a8 of 512 bytes failed: Only part of a ReadProcessMemory or WriteProcessMemory request was completed. (0x12B)
[1001/200929.153:ERROR:process_memory_win.cc(73)] ReadMemory at 0x8986b68c90 of 512 bytes failed: Only part of a ReadProcessMemory or WriteProcessMemory request was completed. (0x12B)
[1001/200929.153:ERROR:process_memory_win.cc(73)] ReadMemory at 0x89ff8fadd0 of 512 bytes failed: Only part of a ReadProcessMemory or WriteProcessMemory request was completed. (0x12B)
[1001/200929.154:ERROR:process_memory_win.cc(73)] ReadMemory at 0x89ff910070 of 512 bytes failed: Only part of a ReadProcessMemory or WriteProcessMemory request was completed. (0x12B)
[1001/200929.154:ERROR:process_memory_win.cc(73)] ReadMemory at 0x89ff910860 of 4032 bytes failed: Only part of a ReadProcessMemory or WriteProcessMemory request was completed. (0x12B)
[1001/200929.154:ERROR:process_memory_win.cc(73)] ReadMemory at 0x89ff911830 of 1012 bytes failed: Only part of a ReadProcessMemory or WriteProcessMemory request was completed. (0x12B)
[1001/200929.155:ERROR:process_memory_win.cc(73)] ReadMemory at 0x89ff911e48 of 118 bytes failed: Only part of a ReadProcessMemory or WriteProcessMemory request was completed. (0x12B)
[1001/200929.155:ERROR:process_memory_win.cc(73)] ReadMemory at 0x89ff911ec0 of 910 bytes failed: Only part of a ReadProcessMemory or WriteProcessMemory request was completed. (0x12B)
[1001/200929.155:ERROR:process_memory_win.cc(73)] ReadMemory at 0x89ff912250 of 118 bytes failed: Only part of a ReadProcessMemory or WriteProcessMemory request was completed. (0x12B)
[1001/200929.155:ERROR:process_memory_win.cc(73)] ReadMemory at 0x89ff9122c8 of 98 bytes failed: Only part of a ReadProcessMemory or WriteProcessMemory request was completed. (0x12B)
[1001/200929.155:ERROR:process_memory_win.cc(73)] ReadMemory at 0x89ff912340 of 58 bytes failed: Only part of a ReadProcessMemory or WriteProcessMemory request was completed. (0x12B)
[1001/200929.156:ERROR:process_memory_win.cc(73)] ReadMemory at 0x89ff912440 of 132 bytes failed: Only part of a ReadProcessMemory or WriteProcessMemory request was completed. (0x12B)
[1001/200929.156:ERROR:process_memory_win.cc(73)] ReadMemory at 0x89ff9125c0 of 132 bytes failed: Only part of a ReadProcessMemory or WriteProcessMemory request was completed. (0x12B)
[1001/200929.156:ERROR:process_memory_win.cc(73)] ReadMemory at 0x89ff912770 of 124 bytes failed: Only part of a ReadProcessMemory or WriteProcessMemory request was completed. (0x12B)
[1001/200929.156:ERROR:process_memory_win.cc(73)] ReadMemory at 0x89ff912b20 of 132 bytes failed: Only part of a ReadProcessMemory or WriteProcessMemory request was completed. (0x12B)
[1001/200929.157:ERROR:process_memory_win.cc(73)] ReadMemory at 0x89ff912ca0 of 64 bytes failed: Only part of a ReadProcessMemory or WriteProcessMemory request was completed. (0x12B)
[1001/200929.157:ERROR:process_memory_win.cc(73)] ReadMemory at 0x89ff912da0 of 132 bytes failed: Only part of a ReadProcessMemory or WriteProcessMemory request was completed. (0x12B)
[1001/200929.157:ERROR:process_memory_win.cc(73)] ReadMemory at 0x89ff912fe0 of 132 bytes failed: Only part of a ReadProcessMemory or WriteProcessMemory request was completed. (0x12B)
[1001/200929.157:ERROR:process_memory_win.cc(73)] ReadMemory at 0x89ff913160 of 68 bytes failed: Only part of a ReadProcessMemory or WriteProcessMemory request was completed. (0x12B)
[1001/200929.174:ERROR:process_memory_win.cc(73)] ReadMemory at 0x89ff9142a0 of 132 bytes failed: Only part of a ReadProcessMemory or WriteProcessMemory request was completed. (0x12B)
[1001/200929.175:ERROR:process_memory_win.cc(73)] ReadMemory at 0x89ff914480 of 132 bytes failed: Only part of a ReadProcessMemory or WriteProcessMemory request was completed. (0x12B)
[1001/200929.175:ERROR:process_memory_win.cc(73)] ReadMemory at 0x89ff9145a0 of 152 bytes failed: Only part of a ReadProcessMemory or WriteProcessMemory request was completed. (0x12B)
[1001/200929.175:ERROR:process_memory_win.cc(73)] ReadMemory at 0x89ff915c80 of 60 bytes failed: Only part of a ReadProcessMemory or WriteProcessMemory request was completed. (0x12B)
[1001/200929.175:ERROR:process_memory_win.cc(73)] ReadMemory at 0x89ff915cd0 of 62 bytes failed: Only part of a ReadProcessMemory or WriteProcessMemory request was completed. (0x12B)
[1001/200929.175:ERROR:process_memory_win.cc(73)] ReadMemory at 0x89ff915db0 of 54 bytes failed: Only part of a ReadProcessMemory or WriteProcessMemory request was completed. (0x12B)
[1001/200929.176:ERROR:process_memory_win.cc(73)] ReadMemory at 0x89ff915e50 of 62 bytes failed: Only part of a ReadProcessMemory or WriteProcessMemory request was completed. (0x12B)
[1001/200929.176:ERROR:process_memory_win.cc(73)] ReadMemory at 0x89ff915ea0 of 132 bytes failed: Only part of a ReadProcessMemory or WriteProcessMemory request was completed. (0x12B)
[1001/200929.176:ERROR:process_memory_win.cc(73)] ReadMemory at 0x89ff916c00 of 132 bytes failed: Only part of a ReadProcessMemory or WriteProcessMemory request was completed. (0x12B)
[1001/200929.176:ERROR:process_memory_win.cc(73)] ReadMemory at 0x89ff917120 of 132 bytes failed: Only part of a ReadProcessMemory or WriteProcessMemory request was completed. (0x12B)
[1001/200929.176:ERROR:process_memory_win.cc(73)] ReadMemory at 0x89ff917310 of 64 bytes failed: Only part of a ReadProcessMemory or WriteProcessMemory request was completed. (0x12B)
[1001/200929.176:ERROR:process_memory_win.cc(73)] ReadMemory at 0x89ff919820 of 64 bytes failed: Only part of a ReadProcessMemory or WriteProcessMemory request was completed. (0x12B)
[1001/200929.176:ERROR:process_memory_win.cc(73)] ReadMemory at 0x89ff919fd0 of 132 bytes failed: Only part of a ReadProcessMemory or WriteProcessMemory request was completed. (0x12B)
[1001/200929.177:ERROR:process_memory_win.cc(73)] ReadMemory at 0x89ff91a0f0 of 156 bytes failed: Only part of a ReadProcessMemory or WriteProcessMemory request was completed. (0x12B)
[1001/200929.177:ERROR:process_memory_win.cc(73)] ReadMemory at 0x89ff91a1b0 of 132 bytes failed: Only part of a ReadProcessMemory or WriteProcessMemory request was completed. (0x12B)
[1001/200929.177:ERROR:process_memory_win.cc(73)] ReadMemory at 0x89ff91a330 of 60 bytes failed: Only part of a ReadProcessMemory or WriteProcessMemory request was completed. (0x12B)
[1001/200929.177:ERROR:process_memory_win.cc(73)] ReadMemory at 0x89ff91d110 of 132 bytes failed: Only part of a ReadProcessMemory or WriteProcessMemory request was completed. (0x12B)
[1001/200929.177:ERROR:process_memory_win.cc(73)] ReadMemory at 0x89ff91d280 of 62 bytes failed: Only part of a ReadProcessMemory or WriteProcessMemory request was completed. (0x12B)
[1001/200929.177:ERROR:process_memory_win.cc(73)] ReadMemory at 0x89ff91d2d0 of 66 bytes failed: Only part of a ReadProcessMemory or WriteProcessMemory request was completed. (0x12B)
[1001/200929.178:ERROR:process_memory_win.cc(73)] ReadMemory at 0x89ff91d320 of 64 bytes failed: Only part of a ReadProcessMemory or WriteProcessMemory request was completed. (0x12B)
[1001/200929.178:ERROR:process_memory_win.cc(73)] ReadMemory at 0x89ff91d370 of 60 bytes failed: Only part of a ReadProcessMemory or WriteProcessMemory request was completed. (0x12B)
[1001/200929.178:ERROR:process_memory_win.cc(73)] ReadMemory at 0x89ff91d3c0 of 60 bytes failed: Only part of a ReadProcessMemory or WriteProcessMemory request was completed. (0x12B)
[1001/200929.178:ERROR:process_memory_win.cc(73)] ReadMemory at 0x89ff91d410 of 62 bytes failed: Only part of a ReadProcessMemory or WriteProcessMemory request was completed. (0x12B)
[1001/200929.178:ERROR:process_memory_win.cc(73)] ReadMemory at 0x89ff91d460 of 58 bytes failed: Only part of a ReadProcessMemory or WriteProcessMemory request was completed. (0x12B)
[1001/200929.179:ERROR:process_memory_win.cc(73)] ReadMemory at 0x89ff91d4b0 of 62 bytes failed: Only part of a ReadProcessMemory or WriteProcessMemory request was completed. (0x12B)
[1001/200929.179:ERROR:process_memory_win.cc(73)] ReadMemory at 0x89ff91d500 of 60 bytes failed: Only part of a ReadProcessMemory or WriteProcessMemory request was completed. (0x12B)
[1001/200929.179:ERROR:process_memory_win.cc(73)] ReadMemory at 0x89ff91d550 of 60 bytes failed: Only part of a ReadProcessMemory or WriteProcessMemory request was completed. (0x12B)
[1001/200929.179:ERROR:process_memory_win.cc(73)] ReadMemory at 0x89ff91d5a0 of 64 bytes failed: Only part of a ReadProcessMemory or WriteProcessMemory request was completed. (0x12B)
[1001/200929.179:ERROR:process_memory_win.cc(73)] ReadMemory at 0x89ff91d640 of 64 bytes failed: Only part of a ReadProcessMemory or WriteProcessMemory request was completed. (0x12B)
[1001/200929.180:ERROR:process_memory_win.cc(73)] ReadMemory at 0x89ff91d690 of 62 bytes failed: Only part of a ReadProcessMemory or WriteProcessMemory request was completed. (0x12B)
[1001/200929.180:ERROR:process_memory_win.cc(73)] ReadMemory at 0x89ff91d6e0 of 64 bytes failed: Only part of a ReadProcessMemory or WriteProcessMemory request was completed. (0x12B)
[1001/200929.180:ERROR:process_memory_win.cc(73)] ReadMemory at 0x89ff91d730 of 62 bytes failed: Only part of a ReadProcessMemory or WriteProcessMemory request was completed. (0x12B)
[1001/200929.180:ERROR:process_memory_win.cc(73)] ReadMemory at 0x89ff91d780 of 62 bytes failed: Only part of a ReadProcessMemory or WriteProcessMemory request was completed. (0x12B)
[1001/200929.180:ERROR:process_memory_win.cc(73)] ReadMemory at 0x89ff91d7d0 of 62 bytes failed: Only part of a ReadProcessMemory or WriteProcessMemory request was completed. (0x12B)
[1001/200929.181:ERROR:process_memory_win.cc(73)] ReadMemory at 0x89ff91d820 of 64 bytes failed: Only part of a ReadProcessMemory or WriteProcessMemory request was completed. (0x12B)
[1001/200929.181:ERROR:process_memory_win.cc(73)] ReadMemory at 0x89ff91d870 of 58 bytes failed: Only part of a ReadProcessMemory or WriteProcessMemory request was completed. (0x12B)
[1001/200929.181:ERROR:process_memory_win.cc(73)] ReadMemory at 0x89ff91d8c0 of 60 bytes failed: Only part of a ReadProcessMemory or WriteProcessMemory request was completed. (0x12B)
[1001/200929.181:ERROR:process_memory_win.cc(73)] ReadMemory at 0x89ff91d910 of 60 bytes failed: Only part of a ReadProcessMemory or WriteProcessMemory request was completed. (0x12B)
[1001/200929.181:ERROR:process_memory_win.cc(73)] ReadMemory at 0x89ff91d960 of 60 bytes failed: Only part of a ReadProcessMemory or WriteProcessMemory request was completed. (0x12B)
[1001/200929.182:ERROR:process_memory_win.cc(73)] ReadMemory at 0x89ff91d9b0 of 62 bytes failed: Only part of a ReadProcessMemory or WriteProcessMemory request was completed. (0x12B)
[1001/200929.182:ERROR:process_memory_win.cc(73)] ReadMemory at 0x89ff91df70 of 132 bytes failed: Only part of a ReadProcessMemory or WriteProcessMemory request was completed. (0x12B)
[1001/200929.182:ERROR:process_memory_win.cc(73)] ReadMemory at 0x89ff91e2a0 of 132 bytes failed: Only part of a ReadProcessMemory or WriteProcessMemory request was completed. (0x12B)
[1001/200929.182:ERROR:process_memory_win.cc(73)] ReadMemory at 0x89ff91e420 of 132 bytes failed: Only part of a ReadProcessMemory or WriteProcessMemory request was completed. (0x12B)
[1001/200929.182:ERROR:process_memory_win.cc(73)] ReadMemory at 0x89ff91eda0 of 132 bytes failed: Only part of a ReadProcessMemory or WriteProcessMemory request was completed. (0x12B)
[1001/200929.183:ERROR:process_memory_win.cc(73)] ReadMemory at 0x89ff91eec0 of 132 bytes failed: Only part of a ReadProcessMemory or WriteProcessMemory request was completed. (0x12B)
[1001/200929.183:ERROR:process_memory_win.cc(73)] ReadMemory at 0x89ff91efe0 of 132 bytes failed: Only part of a ReadProcessMemory or WriteProcessMemory request was completed. (0x12B)
[1001/200929.183:ERROR:process_memory_win.cc(73)] ReadMemory at 0x89ff91f100 of 132 bytes failed: Only part of a ReadProcessMemory or WriteProcessMemory request was completed. (0x12B)
[1001/200929.183:ERROR:process_memory_win.cc(73)] ReadMemory at 0x89ff91f220 of 132 bytes failed: Only part of a ReadProcessMemory or WriteProcessMemory request was completed. (0x12B)
[1001/200929.184:ERROR:process_memory_win.cc(73)] ReadMemory at 0x89ff91f340 of 132 bytes failed: Only part of a ReadProcessMemory or WriteProcessMemory request was completed. (0x12B)
[1001/200929.184:ERROR:process_memory_win.cc(73)] ReadMemory at 0x89ff91f460 of 132 bytes failed: Only part of a ReadProcessMemory or WriteProcessMemory request was completed. (0x12B)
[1001/200929.184:ERROR:process_memory_win.cc(73)] ReadMemory at 0x89ff91f580 of 132 bytes failed: Only part of a ReadProcessMemory or WriteProcessMemory request was completed. (0x12B)
[1001/200929.184:ERROR:process_memory_win.cc(73)] ReadMemory at 0x89ff91f7c0 of 132 bytes failed: Only part of a ReadProcessMemory or WriteProcessMemory request was completed. (0x12B)
[1001/200929.184:ERROR:process_memory_win.cc(73)] ReadMemory at 0x89ff91f8e0 of 132 bytes failed: Only part of a ReadProcessMemory or WriteProcessMemory request was completed. (0x12B)
[1001/200929.184:ERROR:process_memory_win.cc(73)] ReadMemory at 0x89ff91fa00 of 132 bytes failed: Only part of a ReadProcessMemory or WriteProcessMemory request was completed. (0x12B)
[1001/200929.185:ERROR:process_memory_win.cc(73)] ReadMemory at 0x89ff91fb20 of 132 bytes failed: Only part of a ReadProcessMemory or WriteProcessMemory request was completed. (0x12B)
[1001/200929.185:ERROR:process_memory_win.cc(73)] ReadMemory at 0x89ff920b00 of 132 bytes failed: Only part of a ReadProcessMemory or WriteProcessMemory request was completed. (0x12B)
[1001/200929.185:ERROR:process_memory_win.cc(73)] ReadMemory at 0x89ff920d40 of 132 bytes failed: Only part of a ReadProcessMemory or WriteProcessMemory request was completed. (0x12B)
[1001/200929.185:ERROR:process_memory_win.cc(73)] ReadMemory at 0x89ff920e60 of 132 bytes failed: Only part of a ReadProcessMemory or WriteProcessMemory request was completed. (0x12B)
[1001/200929.185:ERROR:process_memory_win.cc(73)] ReadMemory at 0x89ff920f80 of 132 bytes failed: Only part of a ReadProcessMemory or WriteProcessMemory request was completed. (0x12B)
[1001/200929.185:ERROR:process_memory_win.cc(73)] ReadMemory at 0x89ff9211c0 of 132 bytes failed: Only part of a ReadProcessMemory or WriteProcessMemory request was completed. (0x12B)
[1001/200929.185:ERROR:process_memory_win.cc(73)] ReadMemory at 0x89ff9219a0 of 132 bytes failed: Only part of a ReadProcessMemory or WriteProcessMemory request was completed. (0x12B)
[1001/200929.185:ERROR:process_memory_win.cc(73)] ReadMemory at 0x89ff921be0 of 132 bytes failed: Only part of a ReadProcessMemory or WriteProcessMemory request was completed. (0x12B)
[1001/200929.185:ERROR:process_memory_win.cc(73)] ReadMemory at 0x89ff921e20 of 132 bytes failed: Only part of a ReadProcessMemory or WriteProcessMemory request was completed. (0x12B)
[1001/200929.186:ERROR:process_memory_win.cc(73)] ReadMemory at 0x89ff922180 of 132 bytes failed: Only part of a ReadProcessMemory or WriteProcessMemory request was completed. (0x12B)
[1001/200929.186:ERROR:process_memory_win.cc(73)] ReadMemory at 0x89ff9224e0 of 132 bytes failed: Only part of a ReadProcessMemory or WriteProcessMemory request was completed. (0x12B)
[1001/200929.186:ERROR:process_memory_win.cc(73)] ReadMemory at 0x89ff922600 of 132 bytes failed: Only part of a ReadProcessMemory or WriteProcessMemory request was completed. (0x12B)
[1001/200929.186:ERROR:process_memory_win.cc(73)] ReadMemory at 0x89ff9242f0 of 80 bytes failed: Only part of a ReadProcessMemory or WriteProcessMemory request was completed. (0x12B)
[1001/200929.186:ERROR:process_memory_win.cc(73)] ReadMemory at 0x89ff926e10 of 58 bytes failed: Only part of a ReadProcessMemory or WriteProcessMemory request was completed. (0x12B)
[1001/200929.186:ERROR:process_memory_win.cc(73)] ReadMemory at 0x89ff927360 of 58 bytes failed: Only part of a ReadProcessMemory or WriteProcessMemory request was completed. (0x12B)
[1001/200929.187:ERROR:process_memory_win.cc(73)] ReadMemory at 0x89ff92de40 of 512 bytes failed: Only part of a ReadProcessMemory or WriteProcessMemory request was completed. (0x12B)
[1001/200929.187:ERROR:process_memory_win.cc(73)] ReadMemory at 0x89ff92ee00 of 848 bytes failed: Only part of a ReadProcessMemory or WriteProcessMemory request was completed. (0x12B)
[1001/200929.187:ERROR:process_memory_win.cc(73)] ReadMemory at 0x7ff66a2f2000 of 6024 bytes failed: Only part of a ReadProcessMemory or WriteProcessMemory request was completed. (0x12B)
[1001/200929.187:ERROR:process_memory_win.cc(73)] ReadMemory at 0x7ff66a2f4000 of 6024 bytes failed: Only part of a ReadProcessMemory or WriteProcessMemory request was completed. (0x12B)
[1001/200929.187:ERROR:process_memory_win.cc(73)] ReadMemory at 0x7ff66a2f6000 of 6024 bytes failed: Only part of a ReadProcessMemory or WriteProcessMemory request was completed. (0x12B)
[1001/200929.188:ERROR:process_memory_win.cc(73)] ReadMemory at 0x7ff66a2f8000 of 6024 bytes failed: Only part of a ReadProcessMemory or WriteProcessMemory request was completed. (0x12B)
[1001/200929.188:ERROR:process_memory_win.cc(73)] ReadMemory at 0x7ff66a2fa000 of 6024 bytes failed: Only part of a ReadProcessMemory or WriteProcessMemory request was completed. (0x12B)
[1001/200929.188:ERROR:process_memory_win.cc(73)] ReadMemory at 0x7ff66a2fc000 of 6024 bytes failed: Only part of a ReadProcessMemory or WriteProcessMemory request was completed. (0x12B)
[1001/200929.188:ERROR:process_memory_win.cc(73)] ReadMemory at 0x7ff66a2fe000 of 6024 bytes failed: Only part of a ReadProcessMemory or WriteProcessMemory request was completed. (0x12B)
[1001/200929.189:ERROR:process_memory_win.cc(73)] ReadMemory at 0x7ff66a423000 of 6024 bytes failed: Only part of a ReadProcessMemory or WriteProcessMemory request was completed. (0x12B)
[1001/200929.189:ERROR:process_memory_win.cc(73)] ReadMemory at 0x7ff66a425000 of 6024 bytes failed: Only part of a ReadProcessMemory or WriteProcessMemory request was completed. (0x12B)
[1001/200929.189:ERROR:process_memory_win.cc(73)] ReadMemory at 0x7ff66a427000 of 6024 bytes failed: Only part of a ReadProcessMemory or WriteProcessMemory request was completed. (0x12B)
[1001/200929.189:ERROR:process_memory_win.cc(73)] ReadMemory at 0x7ff66a429000 of 852 bytes failed: Only part of a ReadProcessMemory or WriteProcessMemory request was completed. (0x12B)
[1001/200929.189:ERROR:process_memory_win.cc(73)] ReadMemory at 0x7ff66a42a000 of 6024 bytes failed: Only part of a ReadProcessMemory or WriteProcessMemory request was completed. (0x12B)
[1001/200929.189:ERROR:process_memory_win.cc(73)] ReadMemory at 0x7ff66a42c000 of 6024 bytes failed: Only part of a ReadProcessMemory or WriteProcessMemory request was completed. (0x12B)
[1001/200929.190:ERROR:process_memory_win.cc(73)] ReadMemory at 0x7ff66a42e000 of 6024 bytes failed: Only part of a ReadProcessMemory or WriteProcessMemory request was completed. (0x12B)
[1001/200929.190:ERROR:process_memory_win.cc(73)] ReadMemory at 0x7ffe095798d2 of 512 bytes failed: Only part of a ReadProcessMemory or WriteProcessMemory request was completed. (0x12B)
[1001/200929.190:ERROR:process_memory_win.cc(73)] ReadMemory at 0x7ffe099e6acc of 512 bytes failed: Only part of a ReadProcessMemory or WriteProcessMemory request was completed. (0x12B)
[1001/200929.190:ERROR:process_memory_win.cc(73)] ReadMemory at 0x7ffe0a1575a2 of 553 bytes failed: Only part of a ReadProcessMemory or WriteProcessMemory request was completed. (0x12B)
[1001/200929.190:ERROR:process_memory_win.cc(73)] ReadMemory at 0x7ffe0c45ce18 of 512 bytes failed: Only part of a ReadProcessMemory or WriteProcessMemory request was completed. (0x12B)
[1001/200929.190:ERROR:process_memory_win.cc(73)] ReadMemory at 0x7ffe1dd99844 of 512 bytes failed: Only part of a ReadProcessMemory or WriteProcessMemory request was completed. (0x12B)
[1001/200929.191:ERROR:process_memory_win.cc(73)] ReadMemory at 0x7ffe2f095680 of 512 bytes failed: Only part of a ReadProcessMemory or WriteProcessMemory request was completed. (0x12B)
[1001/200929.191:ERROR:process_memory_win.cc(73)] ReadMemory at 0x7ffe317aaa50 of 512 bytes failed: Only part of a ReadProcessMemory or WriteProcessMemory request was completed. (0x12B)
[1001/200929.191:ERROR:process_memory_win.cc(73)] ReadMemory at 0x7ffe317ab620 of 512 bytes failed: Only part of a ReadProcessMemory or WriteProcessMemory request was completed. (0x12B)
[1001/200929.191:ERROR:process_memory_win.cc(73)] ReadMemory at 0x7ffe3180350a of 592 bytes failed: Only part of a ReadProcessMemory or WriteProcessMemory request was completed. (0x12B)
[1001/200929.191:ERROR:process_memory_win.cc(73)] ReadMemory at 0x7ffe3180380a of 512 bytes failed: Only part of a ReadProcessMemory or WriteProcessMemory request was completed. (0x12B)
[1001/200929.191:ERROR:process_memory_win.cc(73)] ReadMemory at 0x7ffe31804ffa of 560 bytes failed: Only part of a ReadProcessMemory or WriteProcessMemory request was completed. (0x12B)
[1001/200929.192:ERROR:process_memory_win.cc(73)] ReadMemory at 0x7ffe3187b6b0 of 18 bytes failed: Only part of a ReadProcessMemory or WriteProcessMemory request was completed. (0x12B)
[1001/200929.192:ERROR:process_memory_win.cc(73)] ReadMemory at 0x7ffe318b30b0 of 40 bytes failed: Only part of a ReadProcessMemory or WriteProcessMemory request was completed. (0x12B)
[1001/200929.192:ERROR:process_memory_win.cc(73)] ReadMemory at 0x7ffe318b3c28 of 48 bytes failed: Only part of a ReadProcessMemory or WriteProcessMemory request was completed. (0x12B)
[1001/200929.192:ERROR:process_memory_win.cc(73)] ReadMemory at 0x7ffe318b61c0 of 64 bytes failed: Only part of a ReadProcessMemory or WriteProcessMemory request was completed. (0x12B)
[1001/200929.199:ERROR:scoped_process_suspend.cc(40)] NtResumeProcess: An attempt was made to access an exiting process. (0xc000010a)
